[2020-03-16T10:11:34.209][ERROR  8296  app] Something went wrong: TypeError: where.push is not a function
    at exports.admin_user_list (E:\Jie\blog\server\controllers\admin.js:96:9)
    at Layer.handle [as handle_request] (E:\Jie\blog\node_modules\express\lib\router\layer.js:95:5)
    at next (E:\Jie\blog\node_modules\express\lib\router\route.js:137:13)
    at Route.dispatch (E:\Jie\blog\node_modules\express\lib\router\route.js:112:3)
    at Layer.handle [as handle_request] (E:\Jie\blog\node_modules\express\lib\router\layer.js:95:5)
    at E:\Jie\blog\node_modules\express\lib\router\index.js:281:22
    at Function.process_params (E:\Jie\blog\node_modules\express\lib\router\index.js:335:12)
    at next (E:\Jie\blog\node_modules\express\lib\router\index.js:275:10)
    at Function.handle (E:\Jie\blog\node_modules\express\lib\router\index.js:174:3)
    at router (E:\Jie\blog\node_modules\express\lib\router\index.js:47:12)
    at Layer.handle [as handle_request] (E:\Jie\blog\node_modules\express\lib\router\layer.js:95:5)
    at trim_prefix (E:\Jie\blog\node_modules\express\lib\router\index.js:317:13)
    at E:\Jie\blog\node_modules\express\lib\router\index.js:284:7
    at Function.process_params (E:\Jie\blog\node_modules\express\lib\router\index.js:335:12)
    at next (E:\Jie\blog\node_modules\express\lib\router\index.js:275:10)
    at next (E:\Jie\blog\node_modules\express\lib\router\route.js:127:14)
[2020-03-16T10:58:45.802][ERROR  9728  app] Something went wrong: Error: Not Found
    at E:\Jie\blog\server\index.js:100:15
    at Layer.handle [as handle_request] (E:\Jie\blog\node_modules\express\lib\router\layer.js:95:5)
    at trim_prefix (E:\Jie\blog\node_modules\express\lib\router\index.js:317:13)
    at E:\Jie\blog\node_modules\express\lib\router\index.js:284:7
    at Function.process_params (E:\Jie\blog\node_modules\express\lib\router\index.js:335:12)
    at next (E:\Jie\blog\node_modules\express\lib\router\index.js:275:10)
    at serveStatic (E:\Jie\blog\node_modules\serve-static\index.js:75:16)
    at Layer.handle [as handle_request] (E:\Jie\blog\node_modules\express\lib\router\layer.js:95:5)
    at trim_prefix (E:\Jie\blog\node_modules\express\lib\router\index.js:317:13)
    at E:\Jie\blog\node_modules\express\lib\router\index.js:284:7
    at Function.process_params (E:\Jie\blog\node_modules\express\lib\router\index.js:335:12)
    at next (E:\Jie\blog\node_modules\express\lib\router\index.js:275:10)
    at E:\Jie\blog\node_modules\connect-history-api-fallback\lib\index.js:18:14
    at Layer.handle [as handle_request] (E:\Jie\blog\node_modules\express\lib\router\layer.js:95:5)
    at trim_prefix (E:\Jie\blog\node_modules\express\lib\router\index.js:317:13)
    at E:\Jie\blog\node_modules\express\lib\router\index.js:284:7
[2020-03-16T10:59:30.034][ERROR  9728  app] Something went wrong: Error: Not Found
    at E:\Jie\blog\server\index.js:100:15
    at Layer.handle [as handle_request] (E:\Jie\blog\node_modules\express\lib\router\layer.js:95:5)
    at trim_prefix (E:\Jie\blog\node_modules\express\lib\router\index.js:317:13)
    at E:\Jie\blog\node_modules\express\lib\router\index.js:284:7
    at Function.process_params (E:\Jie\blog\node_modules\express\lib\router\index.js:335:12)
    at next (E:\Jie\blog\node_modules\express\lib\router\index.js:275:10)
    at serveStatic (E:\Jie\blog\node_modules\serve-static\index.js:75:16)
    at Layer.handle [as handle_request] (E:\Jie\blog\node_modules\express\lib\router\layer.js:95:5)
    at trim_prefix (E:\Jie\blog\node_modules\express\lib\router\index.js:317:13)
    at E:\Jie\blog\node_modules\express\lib\router\index.js:284:7
    at Function.process_params (E:\Jie\blog\node_modules\express\lib\router\index.js:335:12)
    at next (E:\Jie\blog\node_modules\express\lib\router\index.js:275:10)
    at E:\Jie\blog\node_modules\connect-history-api-fallback\lib\index.js:18:14
    at Layer.handle [as handle_request] (E:\Jie\blog\node_modules\express\lib\router\layer.js:95:5)
    at trim_prefix (E:\Jie\blog\node_modules\express\lib\router\index.js:317:13)
    at E:\Jie\blog\node_modules\express\lib\router\index.js:284:7
[2020-03-16T10:59:49.051][ERROR  9728  app] Something went wrong: Error: Not Found
    at E:\Jie\blog\server\index.js:100:15
    at Layer.handle [as handle_request] (E:\Jie\blog\node_modules\express\lib\router\layer.js:95:5)
    at trim_prefix (E:\Jie\blog\node_modules\express\lib\router\index.js:317:13)
    at E:\Jie\blog\node_modules\express\lib\router\index.js:284:7
    at Function.process_params (E:\Jie\blog\node_modules\express\lib\router\index.js:335:12)
    at next (E:\Jie\blog\node_modules\express\lib\router\index.js:275:10)
    at serveStatic (E:\Jie\blog\node_modules\serve-static\index.js:75:16)
    at Layer.handle [as handle_request] (E:\Jie\blog\node_modules\express\lib\router\layer.js:95:5)
    at trim_prefix (E:\Jie\blog\node_modules\express\lib\router\index.js:317:13)
    at E:\Jie\blog\node_modules\express\lib\router\index.js:284:7
    at Function.process_params (E:\Jie\blog\node_modules\express\lib\router\index.js:335:12)
    at next (E:\Jie\blog\node_modules\express\lib\router\index.js:275:10)
    at E:\Jie\blog\node_modules\connect-history-api-fallback\lib\index.js:18:14
    at Layer.handle [as handle_request] (E:\Jie\blog\node_modules\express\lib\router\layer.js:95:5)
    at trim_prefix (E:\Jie\blog\node_modules\express\lib\router\index.js:317:13)
    at E:\Jie\blog\node_modules\express\lib\router\index.js:284:7
[2020-03-16T11:01:53.726][ERROR  9728  app] Something went wrong: Error: Not Found
    at E:\Jie\blog\server\index.js:100:15
    at Layer.handle [as handle_request] (E:\Jie\blog\node_modules\express\lib\router\layer.js:95:5)
    at trim_prefix (E:\Jie\blog\node_modules\express\lib\router\index.js:317:13)
    at E:\Jie\blog\node_modules\express\lib\router\index.js:284:7
    at Function.process_params (E:\Jie\blog\node_modules\express\lib\router\index.js:335:12)
    at next (E:\Jie\blog\node_modules\express\lib\router\index.js:275:10)
    at serveStatic (E:\Jie\blog\node_modules\serve-static\index.js:75:16)
    at Layer.handle [as handle_request] (E:\Jie\blog\node_modules\express\lib\router\layer.js:95:5)
    at trim_prefix (E:\Jie\blog\node_modules\express\lib\router\index.js:317:13)
    at E:\Jie\blog\node_modules\express\lib\router\index.js:284:7
    at Function.process_params (E:\Jie\blog\node_modules\express\lib\router\index.js:335:12)
    at next (E:\Jie\blog\node_modules\express\lib\router\index.js:275:10)
    at E:\Jie\blog\node_modules\connect-history-api-fallback\lib\index.js:18:14
    at Layer.handle [as handle_request] (E:\Jie\blog\node_modules\express\lib\router\layer.js:95:5)
    at trim_prefix (E:\Jie\blog\node_modules\express\lib\router\index.js:317:13)
    at E:\Jie\blog\node_modules\express\lib\router\index.js:284:7
[2020-03-16T11:15:39.238][ERROR  10280  app] Something went wrong: ReferenceError: sqlstr is not defined
    at exports.article_kind (E:\Jie\blog\server\controllers\article.js:335:25)
    at Layer.handle [as handle_request] (E:\Jie\blog\node_modules\express\lib\router\layer.js:95:5)
    at next (E:\Jie\blog\node_modules\express\lib\router\route.js:137:13)
    at Route.dispatch (E:\Jie\blog\node_modules\express\lib\router\route.js:112:3)
    at Layer.handle [as handle_request] (E:\Jie\blog\node_modules\express\lib\router\layer.js:95:5)
    at E:\Jie\blog\node_modules\express\lib\router\index.js:281:22
    at Function.process_params (E:\Jie\blog\node_modules\express\lib\router\index.js:335:12)
    at next (E:\Jie\blog\node_modules\express\lib\router\index.js:275:10)
    at Function.handle (E:\Jie\blog\node_modules\express\lib\router\index.js:174:3)
    at router (E:\Jie\blog\node_modules\express\lib\router\index.js:47:12)
    at Layer.handle [as handle_request] (E:\Jie\blog\node_modules\express\lib\router\layer.js:95:5)
    at trim_prefix (E:\Jie\blog\node_modules\express\lib\router\index.js:317:13)
    at E:\Jie\blog\node_modules\express\lib\router\index.js:284:7
    at Function.process_params (E:\Jie\blog\node_modules\express\lib\router\index.js:335:12)
    at next (E:\Jie\blog\node_modules\express\lib\router\index.js:275:10)
    at next (E:\Jie\blog\node_modules\express\lib\router\route.js:127:14)
[2020-03-16T11:17:35.305][ERROR  10712  app] Something went wrong: ReferenceError: sqlstr is not defined
    at exports.article_kind (E:\Jie\blog\server\controllers\article.js:335:27)
    at Layer.handle [as handle_request] (E:\Jie\blog\node_modules\express\lib\router\layer.js:95:5)
    at next (E:\Jie\blog\node_modules\express\lib\router\route.js:137:13)
    at Route.dispatch (E:\Jie\blog\node_modules\express\lib\router\route.js:112:3)
    at Layer.handle [as handle_request] (E:\Jie\blog\node_modules\express\lib\router\layer.js:95:5)
    at E:\Jie\blog\node_modules\express\lib\router\index.js:281:22
    at Function.process_params (E:\Jie\blog\node_modules\express\lib\router\index.js:335:12)
    at next (E:\Jie\blog\node_modules\express\lib\router\index.js:275:10)
    at Function.handle (E:\Jie\blog\node_modules\express\lib\router\index.js:174:3)
    at router (E:\Jie\blog\node_modules\express\lib\router\index.js:47:12)
    at Layer.handle [as handle_request] (E:\Jie\blog\node_modules\express\lib\router\layer.js:95:5)
    at trim_prefix (E:\Jie\blog\node_modules\express\lib\router\index.js:317:13)
    at E:\Jie\blog\node_modules\express\lib\router\index.js:284:7
    at Function.process_params (E:\Jie\blog\node_modules\express\lib\router\index.js:335:12)
    at next (E:\Jie\blog\node_modules\express\lib\router\index.js:275:10)
    at next (E:\Jie\blog\node_modules\express\lib\router\route.js:127:14)
[2020-03-16T12:15:18.298][ERROR  10472  app] Something went wrong: Error: Not Found
    at E:\Jie\blog\server\index.js:100:15
    at Layer.handle [as handle_request] (E:\Jie\blog\node_modules\express\lib\router\layer.js:95:5)
    at trim_prefix (E:\Jie\blog\node_modules\express\lib\router\index.js:317:13)
    at E:\Jie\blog\node_modules\express\lib\router\index.js:284:7
    at Function.process_params (E:\Jie\blog\node_modules\express\lib\router\index.js:335:12)
    at next (E:\Jie\blog\node_modules\express\lib\router\index.js:275:10)
    at serveStatic (E:\Jie\blog\node_modules\serve-static\index.js:75:16)
    at Layer.handle [as handle_request] (E:\Jie\blog\node_modules\express\lib\router\layer.js:95:5)
    at trim_prefix (E:\Jie\blog\node_modules\express\lib\router\index.js:317:13)
    at E:\Jie\blog\node_modules\express\lib\router\index.js:284:7
    at Function.process_params (E:\Jie\blog\node_modules\express\lib\router\index.js:335:12)
    at next (E:\Jie\blog\node_modules\express\lib\router\index.js:275:10)
    at E:\Jie\blog\node_modules\connect-history-api-fallback\lib\index.js:18:14
    at Layer.handle [as handle_request] (E:\Jie\blog\node_modules\express\lib\router\layer.js:95:5)
    at trim_prefix (E:\Jie\blog\node_modules\express\lib\router\index.js:317:13)
    at E:\Jie\blog\node_modules\express\lib\router\index.js:284:7
[2020-03-16T12:19:37.625][ERROR  10472  app] Something went wrong: Error: Not Found
    at E:\Jie\blog\server\index.js:100:15
    at Layer.handle [as handle_request] (E:\Jie\blog\node_modules\express\lib\router\layer.js:95:5)
    at trim_prefix (E:\Jie\blog\node_modules\express\lib\router\index.js:317:13)
    at E:\Jie\blog\node_modules\express\lib\router\index.js:284:7
    at Function.process_params (E:\Jie\blog\node_modules\express\lib\router\index.js:335:12)
    at next (E:\Jie\blog\node_modules\express\lib\router\index.js:275:10)
    at serveStatic (E:\Jie\blog\node_modules\serve-static\index.js:75:16)
    at Layer.handle [as handle_request] (E:\Jie\blog\node_modules\express\lib\router\layer.js:95:5)
    at trim_prefix (E:\Jie\blog\node_modules\express\lib\router\index.js:317:13)
    at E:\Jie\blog\node_modules\express\lib\router\index.js:284:7
    at Function.process_params (E:\Jie\blog\node_modules\express\lib\router\index.js:335:12)
    at next (E:\Jie\blog\node_modules\express\lib\router\index.js:275:10)
    at E:\Jie\blog\node_modules\connect-history-api-fallback\lib\index.js:18:14
    at Layer.handle [as handle_request] (E:\Jie\blog\node_modules\express\lib\router\layer.js:95:5)
    at trim_prefix (E:\Jie\blog\node_modules\express\lib\router\index.js:317:13)
    at E:\Jie\blog\node_modules\express\lib\router\index.js:284:7
[2020-03-16T12:19:50.526][ERROR  10472  app] Something went wrong: Error: Not Found
    at E:\Jie\blog\server\index.js:100:15
    at Layer.handle [as handle_request] (E:\Jie\blog\node_modules\express\lib\router\layer.js:95:5)
    at trim_prefix (E:\Jie\blog\node_modules\express\lib\router\index.js:317:13)
    at E:\Jie\blog\node_modules\express\lib\router\index.js:284:7
    at Function.process_params (E:\Jie\blog\node_modules\express\lib\router\index.js:335:12)
    at next (E:\Jie\blog\node_modules\express\lib\router\index.js:275:10)
    at serveStatic (E:\Jie\blog\node_modules\serve-static\index.js:75:16)
    at Layer.handle [as handle_request] (E:\Jie\blog\node_modules\express\lib\router\layer.js:95:5)
    at trim_prefix (E:\Jie\blog\node_modules\express\lib\router\index.js:317:13)
    at E:\Jie\blog\node_modules\express\lib\router\index.js:284:7
    at Function.process_params (E:\Jie\blog\node_modules\express\lib\router\index.js:335:12)
    at next (E:\Jie\blog\node_modules\express\lib\router\index.js:275:10)
    at E:\Jie\blog\node_modules\connect-history-api-fallback\lib\index.js:18:14
    at Layer.handle [as handle_request] (E:\Jie\blog\node_modules\express\lib\router\layer.js:95:5)
    at trim_prefix (E:\Jie\blog\node_modules\express\lib\router\index.js:317:13)
    at E:\Jie\blog\node_modules\express\lib\router\index.js:284:7
[2020-03-16T12:20:10.952][ERROR  10472  app] Something went wrong: Error: Not Found
    at E:\Jie\blog\server\index.js:100:15
    at Layer.handle [as handle_request] (E:\Jie\blog\node_modules\express\lib\router\layer.js:95:5)
    at trim_prefix (E:\Jie\blog\node_modules\express\lib\router\index.js:317:13)
    at E:\Jie\blog\node_modules\express\lib\router\index.js:284:7
    at Function.process_params (E:\Jie\blog\node_modules\express\lib\router\index.js:335:12)
    at next (E:\Jie\blog\node_modules\express\lib\router\index.js:275:10)
    at serveStatic (E:\Jie\blog\node_modules\serve-static\index.js:75:16)
    at Layer.handle [as handle_request] (E:\Jie\blog\node_modules\express\lib\router\layer.js:95:5)
    at trim_prefix (E:\Jie\blog\node_modules\express\lib\router\index.js:317:13)
    at E:\Jie\blog\node_modules\express\lib\router\index.js:284:7
    at Function.process_params (E:\Jie\blog\node_modules\express\lib\router\index.js:335:12)
    at next (E:\Jie\blog\node_modules\express\lib\router\index.js:275:10)
    at E:\Jie\blog\node_modules\connect-history-api-fallback\lib\index.js:18:14
    at Layer.handle [as handle_request] (E:\Jie\blog\node_modules\express\lib\router\layer.js:95:5)
    at trim_prefix (E:\Jie\blog\node_modules\express\lib\router\index.js:317:13)
    at E:\Jie\blog\node_modules\express\lib\router\index.js:284:7
[2020-03-16T12:20:26.324][ERROR  10472  app] Something went wrong: Error: Not Found
    at E:\Jie\blog\server\index.js:100:15
    at Layer.handle [as handle_request] (E:\Jie\blog\node_modules\express\lib\router\layer.js:95:5)
    at trim_prefix (E:\Jie\blog\node_modules\express\lib\router\index.js:317:13)
    at E:\Jie\blog\node_modules\express\lib\router\index.js:284:7
    at Function.process_params (E:\Jie\blog\node_modules\express\lib\router\index.js:335:12)
    at next (E:\Jie\blog\node_modules\express\lib\router\index.js:275:10)
    at serveStatic (E:\Jie\blog\node_modules\serve-static\index.js:75:16)
    at Layer.handle [as handle_request] (E:\Jie\blog\node_modules\express\lib\router\layer.js:95:5)
    at trim_prefix (E:\Jie\blog\node_modules\express\lib\router\index.js:317:13)
    at E:\Jie\blog\node_modules\express\lib\router\index.js:284:7
    at Function.process_params (E:\Jie\blog\node_modules\express\lib\router\index.js:335:12)
    at next (E:\Jie\blog\node_modules\express\lib\router\index.js:275:10)
    at E:\Jie\blog\node_modules\connect-history-api-fallback\lib\index.js:18:14
    at Layer.handle [as handle_request] (E:\Jie\blog\node_modules\express\lib\router\layer.js:95:5)
    at trim_prefix (E:\Jie\blog\node_modules\express\lib\router\index.js:317:13)
    at E:\Jie\blog\node_modules\express\lib\router\index.js:284:7
[2020-03-16T12:21:19.993][ERROR  10472  app] Something went wrong: Error: Not Found
    at E:\Jie\blog\server\index.js:100:15
    at Layer.handle [as handle_request] (E:\Jie\blog\node_modules\express\lib\router\layer.js:95:5)
    at trim_prefix (E:\Jie\blog\node_modules\express\lib\router\index.js:317:13)
    at E:\Jie\blog\node_modules\express\lib\router\index.js:284:7
    at Function.process_params (E:\Jie\blog\node_modules\express\lib\router\index.js:335:12)
    at next (E:\Jie\blog\node_modules\express\lib\router\index.js:275:10)
    at serveStatic (E:\Jie\blog\node_modules\serve-static\index.js:75:16)
    at Layer.handle [as handle_request] (E:\Jie\blog\node_modules\express\lib\router\layer.js:95:5)
    at trim_prefix (E:\Jie\blog\node_modules\express\lib\router\index.js:317:13)
    at E:\Jie\blog\node_modules\express\lib\router\index.js:284:7
    at Function.process_params (E:\Jie\blog\node_modules\express\lib\router\index.js:335:12)
    at next (E:\Jie\blog\node_modules\express\lib\router\index.js:275:10)
    at E:\Jie\blog\node_modules\connect-history-api-fallback\lib\index.js:18:14
    at Layer.handle [as handle_request] (E:\Jie\blog\node_modules\express\lib\router\layer.js:95:5)
    at trim_prefix (E:\Jie\blog\node_modules\express\lib\router\index.js:317:13)
    at E:\Jie\blog\node_modules\express\lib\router\index.js:284:7
[2020-03-16T12:25:20.379][ERROR  10472  app] Something went wrong: Error: Not Found
    at E:\Jie\blog\server\index.js:100:15
    at Layer.handle [as handle_request] (E:\Jie\blog\node_modules\express\lib\router\layer.js:95:5)
    at trim_prefix (E:\Jie\blog\node_modules\express\lib\router\index.js:317:13)
    at E:\Jie\blog\node_modules\express\lib\router\index.js:284:7
    at Function.process_params (E:\Jie\blog\node_modules\express\lib\router\index.js:335:12)
    at next (E:\Jie\blog\node_modules\express\lib\router\index.js:275:10)
    at serveStatic (E:\Jie\blog\node_modules\serve-static\index.js:75:16)
    at Layer.handle [as handle_request] (E:\Jie\blog\node_modules\express\lib\router\layer.js:95:5)
    at trim_prefix (E:\Jie\blog\node_modules\express\lib\router\index.js:317:13)
    at E:\Jie\blog\node_modules\express\lib\router\index.js:284:7
    at Function.process_params (E:\Jie\blog\node_modules\express\lib\router\index.js:335:12)
    at next (E:\Jie\blog\node_modules\express\lib\router\index.js:275:10)
    at E:\Jie\blog\node_modules\connect-history-api-fallback\lib\index.js:18:14
    at Layer.handle [as handle_request] (E:\Jie\blog\node_modules\express\lib\router\layer.js:95:5)
    at trim_prefix (E:\Jie\blog\node_modules\express\lib\router\index.js:317:13)
    at E:\Jie\blog\node_modules\express\lib\router\index.js:284:7
[2020-03-16T12:48:01.751][ERROR  10472  app] Something went wrong: Error: Not Found
    at E:\Jie\blog\server\index.js:100:15
    at Layer.handle [as handle_request] (E:\Jie\blog\node_modules\express\lib\router\layer.js:95:5)
    at trim_prefix (E:\Jie\blog\node_modules\express\lib\router\index.js:317:13)
    at E:\Jie\blog\node_modules\express\lib\router\index.js:284:7
    at Function.process_params (E:\Jie\blog\node_modules\express\lib\router\index.js:335:12)
    at next (E:\Jie\blog\node_modules\express\lib\router\index.js:275:10)
    at serveStatic (E:\Jie\blog\node_modules\serve-static\index.js:75:16)
    at Layer.handle [as handle_request] (E:\Jie\blog\node_modules\express\lib\router\layer.js:95:5)
    at trim_prefix (E:\Jie\blog\node_modules\express\lib\router\index.js:317:13)
    at E:\Jie\blog\node_modules\express\lib\router\index.js:284:7
    at Function.process_params (E:\Jie\blog\node_modules\express\lib\router\index.js:335:12)
    at next (E:\Jie\blog\node_modules\express\lib\router\index.js:275:10)
    at E:\Jie\blog\node_modules\connect-history-api-fallback\lib\index.js:18:14
    at Layer.handle [as handle_request] (E:\Jie\blog\node_modules\express\lib\router\layer.js:95:5)
    at trim_prefix (E:\Jie\blog\node_modules\express\lib\router\index.js:317:13)
    at E:\Jie\blog\node_modules\express\lib\router\index.js:284:7
[2020-03-16T12:52:06.336][ERROR  10472  app] Something went wrong: Error: Not Found
    at E:\Jie\blog\server\index.js:100:15
    at Layer.handle [as handle_request] (E:\Jie\blog\node_modules\express\lib\router\layer.js:95:5)
    at trim_prefix (E:\Jie\blog\node_modules\express\lib\router\index.js:317:13)
    at E:\Jie\blog\node_modules\express\lib\router\index.js:284:7
    at Function.process_params (E:\Jie\blog\node_modules\express\lib\router\index.js:335:12)
    at next (E:\Jie\blog\node_modules\express\lib\router\index.js:275:10)
    at serveStatic (E:\Jie\blog\node_modules\serve-static\index.js:75:16)
    at Layer.handle [as handle_request] (E:\Jie\blog\node_modules\express\lib\router\layer.js:95:5)
    at trim_prefix (E:\Jie\blog\node_modules\express\lib\router\index.js:317:13)
    at E:\Jie\blog\node_modules\express\lib\router\index.js:284:7
    at Function.process_params (E:\Jie\blog\node_modules\express\lib\router\index.js:335:12)
    at next (E:\Jie\blog\node_modules\express\lib\router\index.js:275:10)
    at E:\Jie\blog\node_modules\connect-history-api-fallback\lib\index.js:18:14
    at Layer.handle [as handle_request] (E:\Jie\blog\node_modules\express\lib\router\layer.js:95:5)
    at trim_prefix (E:\Jie\blog\node_modules\express\lib\router\index.js:317:13)
    at E:\Jie\blog\node_modules\express\lib\router\index.js:284:7
