[2020-03-20T09:30:35.479][ERROR  8236  app] Something went wrong: Error: Not Found
    at E:\Jie\blog\server\index.js:101:15
    at Layer.handle [as handle_request] (E:\Jie\blog\node_modules\express\lib\router\layer.js:95:5)
    at trim_prefix (E:\Jie\blog\node_modules\express\lib\router\index.js:317:13)
    at E:\Jie\blog\node_modules\express\lib\router\index.js:284:7
    at Function.process_params (E:\Jie\blog\node_modules\express\lib\router\index.js:335:12)
    at next (E:\Jie\blog\node_modules\express\lib\router\index.js:275:10)
    at SendStream.error (E:\Jie\blog\node_modules\serve-static\index.js:121:7)
    at SendStream.emit (events.js:189:13)
    at SendStream.error (E:\Jie\blog\node_modules\send\index.js:270:17)
    at SendStream.onStatError (E:\Jie\blog\node_modules\send\index.js:421:12)
    at onstat (E:\Jie\blog\node_modules\send\index.js:727:26)
    at FSReqWrap.oncomplete (fs.js:153:21)
[2020-03-20T09:31:44.680][ERROR  8744  app] Something went wrong: Error: Not Found
    at E:\Jie\blog\server\index.js:101:15
    at Layer.handle [as handle_request] (E:\Jie\blog\node_modules\express\lib\router\layer.js:95:5)
    at trim_prefix (E:\Jie\blog\node_modules\express\lib\router\index.js:317:13)
    at E:\Jie\blog\node_modules\express\lib\router\index.js:284:7
    at Function.process_params (E:\Jie\blog\node_modules\express\lib\router\index.js:335:12)
    at next (E:\Jie\blog\node_modules\express\lib\router\index.js:275:10)
    at SendStream.error (E:\Jie\blog\node_modules\serve-static\index.js:121:7)
    at SendStream.emit (events.js:189:13)
    at SendStream.error (E:\Jie\blog\node_modules\send\index.js:270:17)
    at SendStream.onStatError (E:\Jie\blog\node_modules\send\index.js:421:12)
    at onstat (E:\Jie\blog\node_modules\send\index.js:727:26)
    at FSReqWrap.oncomplete (fs.js:153:21)
[2020-03-20T09:32:59.321][ERROR  8744  app] Something went wrong: Error: Not Found
    at E:\Jie\blog\server\index.js:101:15
    at Layer.handle [as handle_request] (E:\Jie\blog\node_modules\express\lib\router\layer.js:95:5)
    at trim_prefix (E:\Jie\blog\node_modules\express\lib\router\index.js:317:13)
    at E:\Jie\blog\node_modules\express\lib\router\index.js:284:7
    at Function.process_params (E:\Jie\blog\node_modules\express\lib\router\index.js:335:12)
    at next (E:\Jie\blog\node_modules\express\lib\router\index.js:275:10)
    at SendStream.error (E:\Jie\blog\node_modules\serve-static\index.js:121:7)
    at SendStream.emit (events.js:189:13)
    at SendStream.error (E:\Jie\blog\node_modules\send\index.js:270:17)
    at SendStream.onStatError (E:\Jie\blog\node_modules\send\index.js:421:12)
    at onstat (E:\Jie\blog\node_modules\send\index.js:727:26)
    at FSReqWrap.oncomplete (fs.js:153:21)
[2020-03-20T09:33:37.363][ERROR  4940  app] Something went wrong: Error: Not Found
    at E:\Jie\blog\server\index.js:101:15
    at Layer.handle [as handle_request] (E:\Jie\blog\node_modules\express\lib\router\layer.js:95:5)
    at trim_prefix (E:\Jie\blog\node_modules\express\lib\router\index.js:317:13)
    at E:\Jie\blog\node_modules\express\lib\router\index.js:284:7
    at Function.process_params (E:\Jie\blog\node_modules\express\lib\router\index.js:335:12)
    at next (E:\Jie\blog\node_modules\express\lib\router\index.js:275:10)
    at SendStream.error (E:\Jie\blog\node_modules\serve-static\index.js:121:7)
    at SendStream.emit (events.js:189:13)
    at SendStream.error (E:\Jie\blog\node_modules\send\index.js:270:17)
    at SendStream.onStatError (E:\Jie\blog\node_modules\send\index.js:421:12)
    at onstat (E:\Jie\blog\node_modules\send\index.js:727:26)
    at FSReqWrap.oncomplete (fs.js:153:21)
[2020-03-20T09:33:39.818][ERROR  4940  app] Something went wrong: Error: Not Found
    at E:\Jie\blog\server\index.js:101:15
    at Layer.handle [as handle_request] (E:\Jie\blog\node_modules\express\lib\router\layer.js:95:5)
    at trim_prefix (E:\Jie\blog\node_modules\express\lib\router\index.js:317:13)
    at E:\Jie\blog\node_modules\express\lib\router\index.js:284:7
    at Function.process_params (E:\Jie\blog\node_modules\express\lib\router\index.js:335:12)
    at next (E:\Jie\blog\node_modules\express\lib\router\index.js:275:10)
    at SendStream.error (E:\Jie\blog\node_modules\serve-static\index.js:121:7)
    at SendStream.emit (events.js:189:13)
    at SendStream.error (E:\Jie\blog\node_modules\send\index.js:270:17)
    at SendStream.onStatError (E:\Jie\blog\node_modules\send\index.js:421:12)
    at onstat (E:\Jie\blog\node_modules\send\index.js:727:26)
    at FSReqWrap.oncomplete (fs.js:153:21)
[2020-03-20T09:33:49.689][ERROR  4940  app] Something went wrong: Error: Not Found
    at E:\Jie\blog\server\index.js:101:15
    at Layer.handle [as handle_request] (E:\Jie\blog\node_modules\express\lib\router\layer.js:95:5)
    at trim_prefix (E:\Jie\blog\node_modules\express\lib\router\index.js:317:13)
    at E:\Jie\blog\node_modules\express\lib\router\index.js:284:7
    at Function.process_params (E:\Jie\blog\node_modules\express\lib\router\index.js:335:12)
    at next (E:\Jie\blog\node_modules\express\lib\router\index.js:275:10)
    at SendStream.error (E:\Jie\blog\node_modules\serve-static\index.js:121:7)
    at SendStream.emit (events.js:189:13)
    at SendStream.error (E:\Jie\blog\node_modules\send\index.js:270:17)
    at SendStream.onStatError (E:\Jie\blog\node_modules\send\index.js:421:12)
    at onstat (E:\Jie\blog\node_modules\send\index.js:727:26)
    at FSReqWrap.oncomplete (fs.js:153:21)
[2020-03-20T10:40:01.961][ERROR  9116  app] Something went wrong: Error: ENOENT: no such file or directory, mkdir '../uploads//uploads/avatar/'
    at Object.mkdirSync (fs.js:752:3)
    at Object.createFolder (E:\Jie\blog\server\upload.js:57:10)
    at exports.upload_img (E:\Jie\blog\server\controllers\upload.js:16:10)
    at Layer.handle [as handle_request] (E:\Jie\blog\node_modules\express\lib\router\layer.js:95:5)
    at next (E:\Jie\blog\node_modules\express\lib\router\route.js:137:13)
    at Route.dispatch (E:\Jie\blog\node_modules\express\lib\router\route.js:112:3)
    at Layer.handle [as handle_request] (E:\Jie\blog\node_modules\express\lib\router\layer.js:95:5)
    at E:\Jie\blog\node_modules\express\lib\router\index.js:281:22
    at Function.process_params (E:\Jie\blog\node_modules\express\lib\router\index.js:335:12)
    at next (E:\Jie\blog\node_modules\express\lib\router\index.js:275:10)
    at Function.handle (E:\Jie\blog\node_modules\express\lib\router\index.js:174:3)
    at router (E:\Jie\blog\node_modules\express\lib\router\index.js:47:12)
    at Layer.handle [as handle_request] (E:\Jie\blog\node_modules\express\lib\router\layer.js:95:5)
    at trim_prefix (E:\Jie\blog\node_modules\express\lib\router\index.js:317:13)
    at E:\Jie\blog\node_modules\express\lib\router\index.js:284:7
    at Function.process_params (E:\Jie\blog\node_modules\express\lib\router\index.js:335:12)
[2020-03-20T11:38:18.399][ERROR  8488  app] Something went wrong: Error: Not Found
    at E:\Jie\blog\server\index.js:101:15
    at Layer.handle [as handle_request] (E:\Jie\blog\node_modules\_express@4.17.1@express\lib\router\layer.js:95:5)
    at trim_prefix (E:\Jie\blog\node_modules\_express@4.17.1@express\lib\router\index.js:317:13)
    at E:\Jie\blog\node_modules\_express@4.17.1@express\lib\router\index.js:284:7
    at Function.process_params (E:\Jie\blog\node_modules\_express@4.17.1@express\lib\router\index.js:335:12)
    at next (E:\Jie\blog\node_modules\_express@4.17.1@express\lib\router\index.js:275:10)
    at SendStream.error (E:\Jie\blog\node_modules\_serve-static@1.14.1@serve-static\index.js:121:7)
    at SendStream.emit (events.js:189:13)
    at SendStream.error (E:\Jie\blog\node_modules\_send@0.17.1@send\index.js:270:17)
    at SendStream.onStatError (E:\Jie\blog\node_modules\_send@0.17.1@send\index.js:421:12)
    at onstat (E:\Jie\blog\node_modules\_send@0.17.1@send\index.js:726:26)
    at FSReqWrap.oncomplete (fs.js:153:21)
[2020-03-20T11:38:18.473][ERROR  8488  app] Something went wrong: Error: Not Found
    at E:\Jie\blog\server\index.js:101:15
    at Layer.handle [as handle_request] (E:\Jie\blog\node_modules\_express@4.17.1@express\lib\router\layer.js:95:5)
    at trim_prefix (E:\Jie\blog\node_modules\_express@4.17.1@express\lib\router\index.js:317:13)
    at E:\Jie\blog\node_modules\_express@4.17.1@express\lib\router\index.js:284:7
    at Function.process_params (E:\Jie\blog\node_modules\_express@4.17.1@express\lib\router\index.js:335:12)
    at next (E:\Jie\blog\node_modules\_express@4.17.1@express\lib\router\index.js:275:10)
    at SendStream.error (E:\Jie\blog\node_modules\_serve-static@1.14.1@serve-static\index.js:121:7)
    at SendStream.emit (events.js:189:13)
    at SendStream.error (E:\Jie\blog\node_modules\_send@0.17.1@send\index.js:270:17)
    at SendStream.onStatError (E:\Jie\blog\node_modules\_send@0.17.1@send\index.js:421:12)
    at onstat (E:\Jie\blog\node_modules\_send@0.17.1@send\index.js:726:26)
    at FSReqWrap.oncomplete (fs.js:153:21)
[2020-03-20T11:38:18.509][ERROR  8488  app] Something went wrong: Error: Not Found
    at E:\Jie\blog\server\index.js:101:15
    at Layer.handle [as handle_request] (E:\Jie\blog\node_modules\_express@4.17.1@express\lib\router\layer.js:95:5)
    at trim_prefix (E:\Jie\blog\node_modules\_express@4.17.1@express\lib\router\index.js:317:13)
    at E:\Jie\blog\node_modules\_express@4.17.1@express\lib\router\index.js:284:7
    at Function.process_params (E:\Jie\blog\node_modules\_express@4.17.1@express\lib\router\index.js:335:12)
    at next (E:\Jie\blog\node_modules\_express@4.17.1@express\lib\router\index.js:275:10)
    at SendStream.error (E:\Jie\blog\node_modules\_serve-static@1.14.1@serve-static\index.js:121:7)
    at SendStream.emit (events.js:189:13)
    at SendStream.error (E:\Jie\blog\node_modules\_send@0.17.1@send\index.js:270:17)
    at SendStream.onStatError (E:\Jie\blog\node_modules\_send@0.17.1@send\index.js:421:12)
    at onstat (E:\Jie\blog\node_modules\_send@0.17.1@send\index.js:726:26)
    at FSReqWrap.oncomplete (fs.js:153:21)
[2020-03-20T11:38:18.530][ERROR  8488  app] Something went wrong: Error: Not Found
    at E:\Jie\blog\server\index.js:101:15
    at Layer.handle [as handle_request] (E:\Jie\blog\node_modules\_express@4.17.1@express\lib\router\layer.js:95:5)
    at trim_prefix (E:\Jie\blog\node_modules\_express@4.17.1@express\lib\router\index.js:317:13)
    at E:\Jie\blog\node_modules\_express@4.17.1@express\lib\router\index.js:284:7
    at Function.process_params (E:\Jie\blog\node_modules\_express@4.17.1@express\lib\router\index.js:335:12)
    at next (E:\Jie\blog\node_modules\_express@4.17.1@express\lib\router\index.js:275:10)
    at SendStream.error (E:\Jie\blog\node_modules\_serve-static@1.14.1@serve-static\index.js:121:7)
    at SendStream.emit (events.js:189:13)
    at SendStream.error (E:\Jie\blog\node_modules\_send@0.17.1@send\index.js:270:17)
    at SendStream.onStatError (E:\Jie\blog\node_modules\_send@0.17.1@send\index.js:421:12)
    at onstat (E:\Jie\blog\node_modules\_send@0.17.1@send\index.js:726:26)
    at FSReqWrap.oncomplete (fs.js:153:21)
[2020-03-20T11:38:18.551][ERROR  8488  app] Something went wrong: Error: Not Found
    at E:\Jie\blog\server\index.js:101:15
    at Layer.handle [as handle_request] (E:\Jie\blog\node_modules\_express@4.17.1@express\lib\router\layer.js:95:5)
    at trim_prefix (E:\Jie\blog\node_modules\_express@4.17.1@express\lib\router\index.js:317:13)
    at E:\Jie\blog\node_modules\_express@4.17.1@express\lib\router\index.js:284:7
    at Function.process_params (E:\Jie\blog\node_modules\_express@4.17.1@express\lib\router\index.js:335:12)
    at next (E:\Jie\blog\node_modules\_express@4.17.1@express\lib\router\index.js:275:10)
    at SendStream.error (E:\Jie\blog\node_modules\_serve-static@1.14.1@serve-static\index.js:121:7)
    at SendStream.emit (events.js:189:13)
    at SendStream.error (E:\Jie\blog\node_modules\_send@0.17.1@send\index.js:270:17)
    at SendStream.onStatError (E:\Jie\blog\node_modules\_send@0.17.1@send\index.js:421:12)
    at onstat (E:\Jie\blog\node_modules\_send@0.17.1@send\index.js:726:26)
    at FSReqWrap.oncomplete (fs.js:153:21)
[2020-03-20T11:38:33.362][ERROR  8488  app] Something went wrong: Error: Not Found
    at E:\Jie\blog\server\index.js:101:15
    at Layer.handle [as handle_request] (E:\Jie\blog\node_modules\_express@4.17.1@express\lib\router\layer.js:95:5)
    at trim_prefix (E:\Jie\blog\node_modules\_express@4.17.1@express\lib\router\index.js:317:13)
    at E:\Jie\blog\node_modules\_express@4.17.1@express\lib\router\index.js:284:7
    at Function.process_params (E:\Jie\blog\node_modules\_express@4.17.1@express\lib\router\index.js:335:12)
    at next (E:\Jie\blog\node_modules\_express@4.17.1@express\lib\router\index.js:275:10)
    at SendStream.error (E:\Jie\blog\node_modules\_serve-static@1.14.1@serve-static\index.js:121:7)
    at SendStream.emit (events.js:189:13)
    at SendStream.error (E:\Jie\blog\node_modules\_send@0.17.1@send\index.js:270:17)
    at SendStream.onStatError (E:\Jie\blog\node_modules\_send@0.17.1@send\index.js:421:12)
    at onstat (E:\Jie\blog\node_modules\_send@0.17.1@send\index.js:726:26)
    at FSReqWrap.oncomplete (fs.js:153:21)
[2020-03-20T11:38:33.403][ERROR  8488  app] Something went wrong: Error: Not Found
    at E:\Jie\blog\server\index.js:101:15
    at Layer.handle [as handle_request] (E:\Jie\blog\node_modules\_express@4.17.1@express\lib\router\layer.js:95:5)
    at trim_prefix (E:\Jie\blog\node_modules\_express@4.17.1@express\lib\router\index.js:317:13)
    at E:\Jie\blog\node_modules\_express@4.17.1@express\lib\router\index.js:284:7
    at Function.process_params (E:\Jie\blog\node_modules\_express@4.17.1@express\lib\router\index.js:335:12)
    at next (E:\Jie\blog\node_modules\_express@4.17.1@express\lib\router\index.js:275:10)
    at SendStream.error (E:\Jie\blog\node_modules\_serve-static@1.14.1@serve-static\index.js:121:7)
    at SendStream.emit (events.js:189:13)
    at SendStream.error (E:\Jie\blog\node_modules\_send@0.17.1@send\index.js:270:17)
    at SendStream.onStatError (E:\Jie\blog\node_modules\_send@0.17.1@send\index.js:421:12)
    at onstat (E:\Jie\blog\node_modules\_send@0.17.1@send\index.js:726:26)
    at FSReqWrap.oncomplete (fs.js:153:21)
[2020-03-20T11:38:33.445][ERROR  8488  app] Something went wrong: Error: Not Found
    at E:\Jie\blog\server\index.js:101:15
    at Layer.handle [as handle_request] (E:\Jie\blog\node_modules\_express@4.17.1@express\lib\router\layer.js:95:5)
    at trim_prefix (E:\Jie\blog\node_modules\_express@4.17.1@express\lib\router\index.js:317:13)
    at E:\Jie\blog\node_modules\_express@4.17.1@express\lib\router\index.js:284:7
    at Function.process_params (E:\Jie\blog\node_modules\_express@4.17.1@express\lib\router\index.js:335:12)
    at next (E:\Jie\blog\node_modules\_express@4.17.1@express\lib\router\index.js:275:10)
    at SendStream.error (E:\Jie\blog\node_modules\_serve-static@1.14.1@serve-static\index.js:121:7)
    at SendStream.emit (events.js:189:13)
    at SendStream.error (E:\Jie\blog\node_modules\_send@0.17.1@send\index.js:270:17)
    at SendStream.onStatError (E:\Jie\blog\node_modules\_send@0.17.1@send\index.js:421:12)
    at onstat (E:\Jie\blog\node_modules\_send@0.17.1@send\index.js:726:26)
    at FSReqWrap.oncomplete (fs.js:153:21)
[2020-03-20T11:38:33.468][ERROR  8488  app] Something went wrong: Error: Not Found
    at E:\Jie\blog\server\index.js:101:15
    at Layer.handle [as handle_request] (E:\Jie\blog\node_modules\_express@4.17.1@express\lib\router\layer.js:95:5)
    at trim_prefix (E:\Jie\blog\node_modules\_express@4.17.1@express\lib\router\index.js:317:13)
    at E:\Jie\blog\node_modules\_express@4.17.1@express\lib\router\index.js:284:7
    at Function.process_params (E:\Jie\blog\node_modules\_express@4.17.1@express\lib\router\index.js:335:12)
    at next (E:\Jie\blog\node_modules\_express@4.17.1@express\lib\router\index.js:275:10)
    at SendStream.error (E:\Jie\blog\node_modules\_serve-static@1.14.1@serve-static\index.js:121:7)
    at SendStream.emit (events.js:189:13)
    at SendStream.error (E:\Jie\blog\node_modules\_send@0.17.1@send\index.js:270:17)
    at SendStream.onStatError (E:\Jie\blog\node_modules\_send@0.17.1@send\index.js:421:12)
    at onstat (E:\Jie\blog\node_modules\_send@0.17.1@send\index.js:726:26)
    at FSReqWrap.oncomplete (fs.js:153:21)
[2020-03-20T11:38:33.512][ERROR  8488  app] Something went wrong: Error: Not Found
    at E:\Jie\blog\server\index.js:101:15
    at Layer.handle [as handle_request] (E:\Jie\blog\node_modules\_express@4.17.1@express\lib\router\layer.js:95:5)
    at trim_prefix (E:\Jie\blog\node_modules\_express@4.17.1@express\lib\router\index.js:317:13)
    at E:\Jie\blog\node_modules\_express@4.17.1@express\lib\router\index.js:284:7
    at Function.process_params (E:\Jie\blog\node_modules\_express@4.17.1@express\lib\router\index.js:335:12)
    at next (E:\Jie\blog\node_modules\_express@4.17.1@express\lib\router\index.js:275:10)
    at SendStream.error (E:\Jie\blog\node_modules\_serve-static@1.14.1@serve-static\index.js:121:7)
    at SendStream.emit (events.js:189:13)
    at SendStream.error (E:\Jie\blog\node_modules\_send@0.17.1@send\index.js:270:17)
    at SendStream.onStatError (E:\Jie\blog\node_modules\_send@0.17.1@send\index.js:421:12)
    at onstat (E:\Jie\blog\node_modules\_send@0.17.1@send\index.js:726:26)
    at FSReqWrap.oncomplete (fs.js:153:21)
[2020-03-20T11:41:02.873][ERROR  3780  app] Something went wrong: Error: Not Found
    at E:\Jie\blog\server\index.js:101:15
    at Layer.handle [as handle_request] (E:\Jie\blog\node_modules\_express@4.17.1@express\lib\router\layer.js:95:5)
    at trim_prefix (E:\Jie\blog\node_modules\_express@4.17.1@express\lib\router\index.js:317:13)
    at E:\Jie\blog\node_modules\_express@4.17.1@express\lib\router\index.js:284:7
    at Function.process_params (E:\Jie\blog\node_modules\_express@4.17.1@express\lib\router\index.js:335:12)
    at next (E:\Jie\blog\node_modules\_express@4.17.1@express\lib\router\index.js:275:10)
    at SendStream.error (E:\Jie\blog\node_modules\_serve-static@1.14.1@serve-static\index.js:121:7)
    at SendStream.emit (events.js:189:13)
    at SendStream.error (E:\Jie\blog\node_modules\_send@0.17.1@send\index.js:270:17)
    at SendStream.onStatError (E:\Jie\blog\node_modules\_send@0.17.1@send\index.js:421:12)
    at onstat (E:\Jie\blog\node_modules\_send@0.17.1@send\index.js:726:26)
    at FSReqWrap.oncomplete (fs.js:153:21)
[2020-03-20T11:41:31.372][ERROR  3780  app] Something went wrong: Error: Not Found
    at E:\Jie\blog\server\index.js:101:15
    at Layer.handle [as handle_request] (E:\Jie\blog\node_modules\_express@4.17.1@express\lib\router\layer.js:95:5)
    at trim_prefix (E:\Jie\blog\node_modules\_express@4.17.1@express\lib\router\index.js:317:13)
    at E:\Jie\blog\node_modules\_express@4.17.1@express\lib\router\index.js:284:7
    at Function.process_params (E:\Jie\blog\node_modules\_express@4.17.1@express\lib\router\index.js:335:12)
    at next (E:\Jie\blog\node_modules\_express@4.17.1@express\lib\router\index.js:275:10)
    at SendStream.error (E:\Jie\blog\node_modules\_serve-static@1.14.1@serve-static\index.js:121:7)
    at SendStream.emit (events.js:189:13)
    at SendStream.error (E:\Jie\blog\node_modules\_send@0.17.1@send\index.js:270:17)
    at SendStream.onStatError (E:\Jie\blog\node_modules\_send@0.17.1@send\index.js:421:12)
    at onstat (E:\Jie\blog\node_modules\_send@0.17.1@send\index.js:726:26)
    at FSReqWrap.oncomplete (fs.js:153:21)
[2020-03-20T11:49:23.607][ERROR  3780  app] Something went wrong: Error: Not Found
    at E:\Jie\blog\server\index.js:101:15
    at Layer.handle [as handle_request] (E:\Jie\blog\node_modules\_express@4.17.1@express\lib\router\layer.js:95:5)
    at trim_prefix (E:\Jie\blog\node_modules\_express@4.17.1@express\lib\router\index.js:317:13)
    at E:\Jie\blog\node_modules\_express@4.17.1@express\lib\router\index.js:284:7
    at Function.process_params (E:\Jie\blog\node_modules\_express@4.17.1@express\lib\router\index.js:335:12)
    at next (E:\Jie\blog\node_modules\_express@4.17.1@express\lib\router\index.js:275:10)
    at SendStream.error (E:\Jie\blog\node_modules\_serve-static@1.14.1@serve-static\index.js:121:7)
    at SendStream.emit (events.js:189:13)
    at SendStream.error (E:\Jie\blog\node_modules\_send@0.17.1@send\index.js:270:17)
    at SendStream.onStatError (E:\Jie\blog\node_modules\_send@0.17.1@send\index.js:421:12)
    at onstat (E:\Jie\blog\node_modules\_send@0.17.1@send\index.js:726:26)
    at FSReqWrap.oncomplete (fs.js:153:21)
[2020-03-20T11:49:40.903][ERROR  3780  app] Something went wrong: Error: Not Found
    at E:\Jie\blog\server\index.js:101:15
    at Layer.handle [as handle_request] (E:\Jie\blog\node_modules\_express@4.17.1@express\lib\router\layer.js:95:5)
    at trim_prefix (E:\Jie\blog\node_modules\_express@4.17.1@express\lib\router\index.js:317:13)
    at E:\Jie\blog\node_modules\_express@4.17.1@express\lib\router\index.js:284:7
    at Function.process_params (E:\Jie\blog\node_modules\_express@4.17.1@express\lib\router\index.js:335:12)
    at next (E:\Jie\blog\node_modules\_express@4.17.1@express\lib\router\index.js:275:10)
    at SendStream.error (E:\Jie\blog\node_modules\_serve-static@1.14.1@serve-static\index.js:121:7)
    at SendStream.emit (events.js:189:13)
    at SendStream.error (E:\Jie\blog\node_modules\_send@0.17.1@send\index.js:270:17)
    at SendStream.onStatError (E:\Jie\blog\node_modules\_send@0.17.1@send\index.js:421:12)
    at onstat (E:\Jie\blog\node_modules\_send@0.17.1@send\index.js:726:26)
    at FSReqWrap.oncomplete (fs.js:153:21)
[2020-03-20T11:49:54.861][ERROR  3780  app] Something went wrong: Error: Not Found
    at E:\Jie\blog\server\index.js:101:15
    at Layer.handle [as handle_request] (E:\Jie\blog\node_modules\_express@4.17.1@express\lib\router\layer.js:95:5)
    at trim_prefix (E:\Jie\blog\node_modules\_express@4.17.1@express\lib\router\index.js:317:13)
    at E:\Jie\blog\node_modules\_express@4.17.1@express\lib\router\index.js:284:7
    at Function.process_params (E:\Jie\blog\node_modules\_express@4.17.1@express\lib\router\index.js:335:12)
    at next (E:\Jie\blog\node_modules\_express@4.17.1@express\lib\router\index.js:275:10)
    at SendStream.error (E:\Jie\blog\node_modules\_serve-static@1.14.1@serve-static\index.js:121:7)
    at SendStream.emit (events.js:189:13)
    at SendStream.error (E:\Jie\blog\node_modules\_send@0.17.1@send\index.js:270:17)
    at SendStream.onStatError (E:\Jie\blog\node_modules\_send@0.17.1@send\index.js:421:12)
    at onstat (E:\Jie\blog\node_modules\_send@0.17.1@send\index.js:726:26)
    at FSReqWrap.oncomplete (fs.js:153:21)
[2020-03-20T11:50:01.002][ERROR  3780  app] Something went wrong: Error: Not Found
    at E:\Jie\blog\server\index.js:101:15
    at Layer.handle [as handle_request] (E:\Jie\blog\node_modules\_express@4.17.1@express\lib\router\layer.js:95:5)
    at trim_prefix (E:\Jie\blog\node_modules\_express@4.17.1@express\lib\router\index.js:317:13)
    at E:\Jie\blog\node_modules\_express@4.17.1@express\lib\router\index.js:284:7
    at Function.process_params (E:\Jie\blog\node_modules\_express@4.17.1@express\lib\router\index.js:335:12)
    at next (E:\Jie\blog\node_modules\_express@4.17.1@express\lib\router\index.js:275:10)
    at SendStream.error (E:\Jie\blog\node_modules\_serve-static@1.14.1@serve-static\index.js:121:7)
    at SendStream.emit (events.js:189:13)
    at SendStream.error (E:\Jie\blog\node_modules\_send@0.17.1@send\index.js:270:17)
    at SendStream.onStatError (E:\Jie\blog\node_modules\_send@0.17.1@send\index.js:421:12)
    at onstat (E:\Jie\blog\node_modules\_send@0.17.1@send\index.js:726:26)
    at FSReqWrap.oncomplete (fs.js:153:21)
[2020-03-20T11:53:25.813][ERROR  9204  app] Something went wrong: Error: Not Found
    at E:\Jie\blog\server\index.js:101:15
    at Layer.handle [as handle_request] (E:\Jie\blog\node_modules\_express@4.17.1@express\lib\router\layer.js:95:5)
    at trim_prefix (E:\Jie\blog\node_modules\_express@4.17.1@express\lib\router\index.js:317:13)
    at E:\Jie\blog\node_modules\_express@4.17.1@express\lib\router\index.js:284:7
    at Function.process_params (E:\Jie\blog\node_modules\_express@4.17.1@express\lib\router\index.js:335:12)
    at next (E:\Jie\blog\node_modules\_express@4.17.1@express\lib\router\index.js:275:10)
    at SendStream.error (E:\Jie\blog\node_modules\_serve-static@1.14.1@serve-static\index.js:121:7)
    at SendStream.emit (events.js:189:13)
    at SendStream.error (E:\Jie\blog\node_modules\_send@0.17.1@send\index.js:270:17)
    at SendStream.onStatError (E:\Jie\blog\node_modules\_send@0.17.1@send\index.js:421:12)
    at onstat (E:\Jie\blog\node_modules\_send@0.17.1@send\index.js:726:26)
    at FSReqWrap.oncomplete (fs.js:153:21)
[2020-03-20T11:53:54.245][ERROR  9728  app] Something went wrong: Error: Not Found
    at E:\Jie\blog\server\index.js:101:15
    at Layer.handle [as handle_request] (E:\Jie\blog\node_modules\_express@4.17.1@express\lib\router\layer.js:95:5)
    at trim_prefix (E:\Jie\blog\node_modules\_express@4.17.1@express\lib\router\index.js:317:13)
    at E:\Jie\blog\node_modules\_express@4.17.1@express\lib\router\index.js:284:7
    at Function.process_params (E:\Jie\blog\node_modules\_express@4.17.1@express\lib\router\index.js:335:12)
    at next (E:\Jie\blog\node_modules\_express@4.17.1@express\lib\router\index.js:275:10)
    at SendStream.error (E:\Jie\blog\node_modules\_serve-static@1.14.1@serve-static\index.js:121:7)
    at SendStream.emit (events.js:189:13)
    at SendStream.error (E:\Jie\blog\node_modules\_send@0.17.1@send\index.js:270:17)
    at SendStream.onStatError (E:\Jie\blog\node_modules\_send@0.17.1@send\index.js:421:12)
    at onstat (E:\Jie\blog\node_modules\_send@0.17.1@send\index.js:726:26)
    at FSReqWrap.oncomplete (fs.js:153:21)
[2020-03-20T11:58:35.934][ERROR  8732  app] Something went wrong: Error: Not Found
    at E:\Jie\blog\server\index.js:101:15
    at Layer.handle [as handle_request] (E:\Jie\blog\node_modules\_express@4.17.1@express\lib\router\layer.js:95:5)
    at trim_prefix (E:\Jie\blog\node_modules\_express@4.17.1@express\lib\router\index.js:317:13)
    at E:\Jie\blog\node_modules\_express@4.17.1@express\lib\router\index.js:284:7
    at Function.process_params (E:\Jie\blog\node_modules\_express@4.17.1@express\lib\router\index.js:335:12)
    at next (E:\Jie\blog\node_modules\_express@4.17.1@express\lib\router\index.js:275:10)
    at SendStream.error (E:\Jie\blog\node_modules\_serve-static@1.14.1@serve-static\index.js:121:7)
    at SendStream.emit (events.js:189:13)
    at SendStream.error (E:\Jie\blog\node_modules\_send@0.17.1@send\index.js:270:17)
    at SendStream.onStatError (E:\Jie\blog\node_modules\_send@0.17.1@send\index.js:421:12)
    at onstat (E:\Jie\blog\node_modules\_send@0.17.1@send\index.js:726:26)
    at FSReqWrap.oncomplete (fs.js:153:21)
[2020-03-20T11:58:39.826][ERROR  8732  app] Something went wrong: Error: Not Found
    at E:\Jie\blog\server\index.js:101:15
    at Layer.handle [as handle_request] (E:\Jie\blog\node_modules\_express@4.17.1@express\lib\router\layer.js:95:5)
    at trim_prefix (E:\Jie\blog\node_modules\_express@4.17.1@express\lib\router\index.js:317:13)
    at E:\Jie\blog\node_modules\_express@4.17.1@express\lib\router\index.js:284:7
    at Function.process_params (E:\Jie\blog\node_modules\_express@4.17.1@express\lib\router\index.js:335:12)
    at next (E:\Jie\blog\node_modules\_express@4.17.1@express\lib\router\index.js:275:10)
    at SendStream.error (E:\Jie\blog\node_modules\_serve-static@1.14.1@serve-static\index.js:121:7)
    at SendStream.emit (events.js:189:13)
    at SendStream.error (E:\Jie\blog\node_modules\_send@0.17.1@send\index.js:270:17)
    at SendStream.onStatError (E:\Jie\blog\node_modules\_send@0.17.1@send\index.js:421:12)
    at onstat (E:\Jie\blog\node_modules\_send@0.17.1@send\index.js:726:26)
    at FSReqWrap.oncomplete (fs.js:153:21)
[2020-03-20T11:59:14.356][ERROR  8732  app] Something went wrong: Error: Not Found
    at E:\Jie\blog\server\index.js:101:15
    at Layer.handle [as handle_request] (E:\Jie\blog\node_modules\_express@4.17.1@express\lib\router\layer.js:95:5)
    at trim_prefix (E:\Jie\blog\node_modules\_express@4.17.1@express\lib\router\index.js:317:13)
    at E:\Jie\blog\node_modules\_express@4.17.1@express\lib\router\index.js:284:7
    at Function.process_params (E:\Jie\blog\node_modules\_express@4.17.1@express\lib\router\index.js:335:12)
    at next (E:\Jie\blog\node_modules\_express@4.17.1@express\lib\router\index.js:275:10)
    at SendStream.error (E:\Jie\blog\node_modules\_serve-static@1.14.1@serve-static\index.js:121:7)
    at SendStream.emit (events.js:189:13)
    at SendStream.error (E:\Jie\blog\node_modules\_send@0.17.1@send\index.js:270:17)
    at SendStream.onStatError (E:\Jie\blog\node_modules\_send@0.17.1@send\index.js:421:12)
    at onstat (E:\Jie\blog\node_modules\_send@0.17.1@send\index.js:726:26)
    at FSReqWrap.oncomplete (fs.js:153:21)
[2020-03-20T12:08:46.360][ERROR  10832  app] Something went wrong: Error: Not Found
    at E:\Jie\blog\server\index.js:101:15
    at Layer.handle [as handle_request] (E:\Jie\blog\node_modules\_express@4.17.1@express\lib\router\layer.js:95:5)
    at trim_prefix (E:\Jie\blog\node_modules\_express@4.17.1@express\lib\router\index.js:317:13)
    at E:\Jie\blog\node_modules\_express@4.17.1@express\lib\router\index.js:284:7
    at Function.process_params (E:\Jie\blog\node_modules\_express@4.17.1@express\lib\router\index.js:335:12)
    at next (E:\Jie\blog\node_modules\_express@4.17.1@express\lib\router\index.js:275:10)
    at SendStream.error (E:\Jie\blog\node_modules\_serve-static@1.14.1@serve-static\index.js:121:7)
    at SendStream.emit (events.js:189:13)
    at SendStream.error (E:\Jie\blog\node_modules\_send@0.17.1@send\index.js:270:17)
    at SendStream.onStatError (E:\Jie\blog\node_modules\_send@0.17.1@send\index.js:421:12)
    at onstat (E:\Jie\blog\node_modules\_send@0.17.1@send\index.js:726:26)
    at FSReqWrap.oncomplete (fs.js:153:21)
[2020-03-20T12:09:26.740][ERROR  11016  app] Something went wrong: Error: Not Found
    at E:\Jie\blog\server\index.js:101:15
    at Layer.handle [as handle_request] (E:\Jie\blog\node_modules\_express@4.17.1@express\lib\router\layer.js:95:5)
    at trim_prefix (E:\Jie\blog\node_modules\_express@4.17.1@express\lib\router\index.js:317:13)
    at E:\Jie\blog\node_modules\_express@4.17.1@express\lib\router\index.js:284:7
    at Function.process_params (E:\Jie\blog\node_modules\_express@4.17.1@express\lib\router\index.js:335:12)
    at next (E:\Jie\blog\node_modules\_express@4.17.1@express\lib\router\index.js:275:10)
    at SendStream.error (E:\Jie\blog\node_modules\_serve-static@1.14.1@serve-static\index.js:121:7)
    at SendStream.emit (events.js:189:13)
    at SendStream.error (E:\Jie\blog\node_modules\_send@0.17.1@send\index.js:270:17)
    at SendStream.onStatError (E:\Jie\blog\node_modules\_send@0.17.1@send\index.js:421:12)
    at onstat (E:\Jie\blog\node_modules\_send@0.17.1@send\index.js:726:26)
    at FSReqWrap.oncomplete (fs.js:153:21)
[2020-03-20T12:09:49.578][ERROR  11260  app] Something went wrong: Error: Not Found
    at E:\Jie\blog\server\index.js:101:15
    at Layer.handle [as handle_request] (E:\Jie\blog\node_modules\_express@4.17.1@express\lib\router\layer.js:95:5)
    at trim_prefix (E:\Jie\blog\node_modules\_express@4.17.1@express\lib\router\index.js:317:13)
    at E:\Jie\blog\node_modules\_express@4.17.1@express\lib\router\index.js:284:7
    at Function.process_params (E:\Jie\blog\node_modules\_express@4.17.1@express\lib\router\index.js:335:12)
    at next (E:\Jie\blog\node_modules\_express@4.17.1@express\lib\router\index.js:275:10)
    at SendStream.error (E:\Jie\blog\node_modules\_serve-static@1.14.1@serve-static\index.js:121:7)
    at SendStream.emit (events.js:189:13)
    at SendStream.error (E:\Jie\blog\node_modules\_send@0.17.1@send\index.js:270:17)
    at SendStream.onStatError (E:\Jie\blog\node_modules\_send@0.17.1@send\index.js:421:12)
    at onstat (E:\Jie\blog\node_modules\_send@0.17.1@send\index.js:726:26)
    at FSReqWrap.oncomplete (fs.js:153:21)
[2020-03-20T12:12:55.830][ERROR  11260  app] Something went wrong: Error: Not Found
    at E:\Jie\blog\server\index.js:101:15
    at Layer.handle [as handle_request] (E:\Jie\blog\node_modules\_express@4.17.1@express\lib\router\layer.js:95:5)
    at trim_prefix (E:\Jie\blog\node_modules\_express@4.17.1@express\lib\router\index.js:317:13)
    at E:\Jie\blog\node_modules\_express@4.17.1@express\lib\router\index.js:284:7
    at Function.process_params (E:\Jie\blog\node_modules\_express@4.17.1@express\lib\router\index.js:335:12)
    at next (E:\Jie\blog\node_modules\_express@4.17.1@express\lib\router\index.js:275:10)
    at SendStream.error (E:\Jie\blog\node_modules\_serve-static@1.14.1@serve-static\index.js:121:7)
    at SendStream.emit (events.js:189:13)
    at SendStream.error (E:\Jie\blog\node_modules\_send@0.17.1@send\index.js:270:17)
    at SendStream.onStatError (E:\Jie\blog\node_modules\_send@0.17.1@send\index.js:421:12)
    at onstat (E:\Jie\blog\node_modules\_send@0.17.1@send\index.js:726:26)
    at FSReqWrap.oncomplete (fs.js:153:21)
[2020-03-20T12:21:13.091][ERROR  8128  app] Something went wrong: Error: Not Found
    at E:\Jie\blog\server\index.js:101:15
    at Layer.handle [as handle_request] (E:\Jie\blog\node_modules\_express@4.17.1@express\lib\router\layer.js:95:5)
    at trim_prefix (E:\Jie\blog\node_modules\_express@4.17.1@express\lib\router\index.js:317:13)
    at E:\Jie\blog\node_modules\_express@4.17.1@express\lib\router\index.js:284:7
    at Function.process_params (E:\Jie\blog\node_modules\_express@4.17.1@express\lib\router\index.js:335:12)
    at next (E:\Jie\blog\node_modules\_express@4.17.1@express\lib\router\index.js:275:10)
    at SendStream.error (E:\Jie\blog\node_modules\_serve-static@1.14.1@serve-static\index.js:121:7)
    at SendStream.emit (events.js:189:13)
    at SendStream.error (E:\Jie\blog\node_modules\_send@0.17.1@send\index.js:270:17)
    at SendStream.onStatError (E:\Jie\blog\node_modules\_send@0.17.1@send\index.js:421:12)
    at onstat (E:\Jie\blog\node_modules\_send@0.17.1@send\index.js:726:26)
    at FSReqWrap.oncomplete (fs.js:153:21)
[2020-03-20T12:21:17.470][ERROR  8128  app] Something went wrong: Error: Not Found
    at E:\Jie\blog\server\index.js:101:15
    at Layer.handle [as handle_request] (E:\Jie\blog\node_modules\_express@4.17.1@express\lib\router\layer.js:95:5)
    at trim_prefix (E:\Jie\blog\node_modules\_express@4.17.1@express\lib\router\index.js:317:13)
    at E:\Jie\blog\node_modules\_express@4.17.1@express\lib\router\index.js:284:7
    at Function.process_params (E:\Jie\blog\node_modules\_express@4.17.1@express\lib\router\index.js:335:12)
    at next (E:\Jie\blog\node_modules\_express@4.17.1@express\lib\router\index.js:275:10)
    at SendStream.error (E:\Jie\blog\node_modules\_serve-static@1.14.1@serve-static\index.js:121:7)
    at SendStream.emit (events.js:189:13)
    at SendStream.error (E:\Jie\blog\node_modules\_send@0.17.1@send\index.js:270:17)
    at SendStream.onStatError (E:\Jie\blog\node_modules\_send@0.17.1@send\index.js:421:12)
    at onstat (E:\Jie\blog\node_modules\_send@0.17.1@send\index.js:726:26)
    at FSReqWrap.oncomplete (fs.js:153:21)
[2020-03-20T12:21:26.185][ERROR  8128  app] Something went wrong: Error: Not Found
    at E:\Jie\blog\server\index.js:101:15
    at Layer.handle [as handle_request] (E:\Jie\blog\node_modules\_express@4.17.1@express\lib\router\layer.js:95:5)
    at trim_prefix (E:\Jie\blog\node_modules\_express@4.17.1@express\lib\router\index.js:317:13)
    at E:\Jie\blog\node_modules\_express@4.17.1@express\lib\router\index.js:284:7
    at Function.process_params (E:\Jie\blog\node_modules\_express@4.17.1@express\lib\router\index.js:335:12)
    at next (E:\Jie\blog\node_modules\_express@4.17.1@express\lib\router\index.js:275:10)
    at SendStream.error (E:\Jie\blog\node_modules\_serve-static@1.14.1@serve-static\index.js:121:7)
    at SendStream.emit (events.js:189:13)
    at SendStream.error (E:\Jie\blog\node_modules\_send@0.17.1@send\index.js:270:17)
    at SendStream.onStatError (E:\Jie\blog\node_modules\_send@0.17.1@send\index.js:421:12)
    at onstat (E:\Jie\blog\node_modules\_send@0.17.1@send\index.js:726:26)
    at FSReqWrap.oncomplete (fs.js:153:21)
[2020-03-20T12:25:28.029][ERROR  11088  app] Something went wrong: Error: Not Found
    at E:\Jie\blog\server\index.js:101:15
    at Layer.handle [as handle_request] (E:\Jie\blog\node_modules\_express@4.17.1@express\lib\router\layer.js:95:5)
    at trim_prefix (E:\Jie\blog\node_modules\_express@4.17.1@express\lib\router\index.js:317:13)
    at E:\Jie\blog\node_modules\_express@4.17.1@express\lib\router\index.js:284:7
    at Function.process_params (E:\Jie\blog\node_modules\_express@4.17.1@express\lib\router\index.js:335:12)
    at next (E:\Jie\blog\node_modules\_express@4.17.1@express\lib\router\index.js:275:10)
    at SendStream.error (E:\Jie\blog\node_modules\_serve-static@1.14.1@serve-static\index.js:121:7)
    at SendStream.emit (events.js:189:13)
    at SendStream.error (E:\Jie\blog\node_modules\_send@0.17.1@send\index.js:270:17)
    at SendStream.onStatError (E:\Jie\blog\node_modules\_send@0.17.1@send\index.js:421:12)
    at onstat (E:\Jie\blog\node_modules\_send@0.17.1@send\index.js:726:26)
    at FSReqWrap.oncomplete (fs.js:153:21)
[2020-03-20T12:25:28.862][ERROR  11088  app] Something went wrong: Error: Not Found
    at E:\Jie\blog\server\index.js:101:15
    at Layer.handle [as handle_request] (E:\Jie\blog\node_modules\_express@4.17.1@express\lib\router\layer.js:95:5)
    at trim_prefix (E:\Jie\blog\node_modules\_express@4.17.1@express\lib\router\index.js:317:13)
    at E:\Jie\blog\node_modules\_express@4.17.1@express\lib\router\index.js:284:7
    at Function.process_params (E:\Jie\blog\node_modules\_express@4.17.1@express\lib\router\index.js:335:12)
    at next (E:\Jie\blog\node_modules\_express@4.17.1@express\lib\router\index.js:275:10)
    at SendStream.error (E:\Jie\blog\node_modules\_serve-static@1.14.1@serve-static\index.js:121:7)
    at SendStream.emit (events.js:189:13)
    at SendStream.error (E:\Jie\blog\node_modules\_send@0.17.1@send\index.js:270:17)
    at SendStream.onStatError (E:\Jie\blog\node_modules\_send@0.17.1@send\index.js:421:12)
    at onstat (E:\Jie\blog\node_modules\_send@0.17.1@send\index.js:726:26)
    at FSReqWrap.oncomplete (fs.js:153:21)
[2020-03-20T13:59:28.685][ERROR  10368  app] Something went wrong: Error: Not Found
    at E:\Jie\blog\server\index.js:101:15
    at Layer.handle [as handle_request] (E:\Jie\blog\node_modules\_express@4.17.1@express\lib\router\layer.js:95:5)
    at trim_prefix (E:\Jie\blog\node_modules\_express@4.17.1@express\lib\router\index.js:317:13)
    at E:\Jie\blog\node_modules\_express@4.17.1@express\lib\router\index.js:284:7
    at Function.process_params (E:\Jie\blog\node_modules\_express@4.17.1@express\lib\router\index.js:335:12)
    at next (E:\Jie\blog\node_modules\_express@4.17.1@express\lib\router\index.js:275:10)
    at SendStream.error (E:\Jie\blog\node_modules\_serve-static@1.14.1@serve-static\index.js:121:7)
    at SendStream.emit (events.js:189:13)
    at SendStream.error (E:\Jie\blog\node_modules\_send@0.17.1@send\index.js:270:17)
    at SendStream.onStatError (E:\Jie\blog\node_modules\_send@0.17.1@send\index.js:421:12)
    at onstat (E:\Jie\blog\node_modules\_send@0.17.1@send\index.js:726:26)
    at FSReqWrap.oncomplete (fs.js:153:21)
