[2020-03-13T16:33:40.073][ERROR  9672  app] Something went wrong: ReferenceError: sqlstr is not defined
    at Object.join (E:\Jie\blog\server\sqlMap.js:292:6)
    at exports.admin_user_list (E:\Jie\blog\server\controllers\admin.js:60:19)
    at Layer.handle [as handle_request] (E:\Jie\blog\node_modules\express\lib\router\layer.js:95:5)
    at next (E:\Jie\blog\node_modules\express\lib\router\route.js:137:13)
    at Route.dispatch (E:\Jie\blog\node_modules\express\lib\router\route.js:112:3)
    at Layer.handle [as handle_request] (E:\Jie\blog\node_modules\express\lib\router\layer.js:95:5)
    at E:\Jie\blog\node_modules\express\lib\router\index.js:281:22
    at Function.process_params (E:\Jie\blog\node_modules\express\lib\router\index.js:335:12)
    at next (E:\Jie\blog\node_modules\express\lib\router\index.js:275:10)
    at Function.handle (E:\Jie\blog\node_modules\express\lib\router\index.js:174:3)
    at router (E:\Jie\blog\node_modules\express\lib\router\index.js:47:12)
    at Layer.handle [as handle_request] (E:\Jie\blog\node_modules\express\lib\router\layer.js:95:5)
    at trim_prefix (E:\Jie\blog\node_modules\express\lib\router\index.js:317:13)
    at E:\Jie\blog\node_modules\express\lib\router\index.js:284:7
    at Function.process_params (E:\Jie\blog\node_modules\express\lib\router\index.js:335:12)
    at next (E:\Jie\blog\node_modules\express\lib\router\index.js:275:10)
[2020-03-13T16:34:54.633][ERROR  11240  app] Something went wrong: ReferenceError: sqlstr is not defined
    at Object.join (E:\Jie\blog\server\sqlMap.js:292:6)
    at exports.admin_user_list (E:\Jie\blog\server\controllers\admin.js:60:19)
    at Layer.handle [as handle_request] (E:\Jie\blog\node_modules\express\lib\router\layer.js:95:5)
    at next (E:\Jie\blog\node_modules\express\lib\router\route.js:137:13)
    at Route.dispatch (E:\Jie\blog\node_modules\express\lib\router\route.js:112:3)
    at Layer.handle [as handle_request] (E:\Jie\blog\node_modules\express\lib\router\layer.js:95:5)
    at E:\Jie\blog\node_modules\express\lib\router\index.js:281:22
    at Function.process_params (E:\Jie\blog\node_modules\express\lib\router\index.js:335:12)
    at next (E:\Jie\blog\node_modules\express\lib\router\index.js:275:10)
    at Function.handle (E:\Jie\blog\node_modules\express\lib\router\index.js:174:3)
    at router (E:\Jie\blog\node_modules\express\lib\router\index.js:47:12)
    at Layer.handle [as handle_request] (E:\Jie\blog\node_modules\express\lib\router\layer.js:95:5)
    at trim_prefix (E:\Jie\blog\node_modules\express\lib\router\index.js:317:13)
    at E:\Jie\blog\node_modules\express\lib\router\index.js:284:7
    at Function.process_params (E:\Jie\blog\node_modules\express\lib\router\index.js:335:12)
    at next (E:\Jie\blog\node_modules\express\lib\router\index.js:275:10)
