[2019-11-20T14:08:11.491][ERROR  14840  app] Something went wrong: ReferenceError: comm is not defined
    at Object.strToTime (E:\Jie\blog\server\common.js:76:5)
    at exports.admin_user_list (E:\Jie\blog\server\controllers\admin.js:80:28)
    at Layer.handle [as handle_request] (E:\Jie\blog\node_modules\express\lib\router\layer.js:95:5)
    at next (E:\Jie\blog\node_modules\express\lib\router\route.js:137:13)
    at Route.dispatch (E:\Jie\blog\node_modules\express\lib\router\route.js:112:3)
    at Layer.handle [as handle_request] (E:\Jie\blog\node_modules\express\lib\router\layer.js:95:5)
    at E:\Jie\blog\node_modules\express\lib\router\index.js:281:22
    at Function.process_params (E:\Jie\blog\node_modules\express\lib\router\index.js:335:12)
    at next (E:\Jie\blog\node_modules\express\lib\router\index.js:275:10)
    at Function.handle (E:\Jie\blog\node_modules\express\lib\router\index.js:174:3)
    at router (E:\Jie\blog\node_modules\express\lib\router\index.js:47:12)
    at Layer.handle [as handle_request] (E:\Jie\blog\node_modules\express\lib\router\layer.js:95:5)
    at trim_prefix (E:\Jie\blog\node_modules\express\lib\router\index.js:317:13)
    at E:\Jie\blog\node_modules\express\lib\router\index.js:284:7
    at Function.process_params (E:\Jie\blog\node_modules\express\lib\router\index.js:335:12)
    at next (E:\Jie\blog\node_modules\express\lib\router\index.js:275:10)
[2019-11-20T14:08:41.989][ERROR  8308  app] Something went wrong: ReferenceError: comm is not defined
    at Object.strToTime (E:\Jie\blog\server\common.js:76:5)
    at exports.admin_user_list (E:\Jie\blog\server\controllers\admin.js:80:28)
    at Layer.handle [as handle_request] (E:\Jie\blog\node_modules\express\lib\router\layer.js:95:5)
    at next (E:\Jie\blog\node_modules\express\lib\router\route.js:137:13)
    at Route.dispatch (E:\Jie\blog\node_modules\express\lib\router\route.js:112:3)
    at Layer.handle [as handle_request] (E:\Jie\blog\node_modules\express\lib\router\layer.js:95:5)
    at E:\Jie\blog\node_modules\express\lib\router\index.js:281:22
    at Function.process_params (E:\Jie\blog\node_modules\express\lib\router\index.js:335:12)
    at next (E:\Jie\blog\node_modules\express\lib\router\index.js:275:10)
    at Function.handle (E:\Jie\blog\node_modules\express\lib\router\index.js:174:3)
    at router (E:\Jie\blog\node_modules\express\lib\router\index.js:47:12)
    at Layer.handle [as handle_request] (E:\Jie\blog\node_modules\express\lib\router\layer.js:95:5)
    at trim_prefix (E:\Jie\blog\node_modules\express\lib\router\index.js:317:13)
    at E:\Jie\blog\node_modules\express\lib\router\index.js:284:7
    at Function.process_params (E:\Jie\blog\node_modules\express\lib\router\index.js:335:12)
    at next (E:\Jie\blog\node_modules\express\lib\router\index.js:275:10)
[2019-11-20T14:14:00.593][ERROR  15340  app] Something went wrong: TypeError: Cannot create property '0' on string ''
    at exports.admin_user_list (E:\Jie\blog\server\controllers\admin.js:80:19)
    at Layer.handle [as handle_request] (E:\Jie\blog\node_modules\express\lib\router\layer.js:95:5)
    at next (E:\Jie\blog\node_modules\express\lib\router\route.js:137:13)
    at requireLogin (E:\Jie\blog\server\api.js:329:5)
    at Layer.handle [as handle_request] (E:\Jie\blog\node_modules\express\lib\router\layer.js:95:5)
    at next (E:\Jie\blog\node_modules\express\lib\router\route.js:137:13)
    at Route.dispatch (E:\Jie\blog\node_modules\express\lib\router\route.js:112:3)
    at Layer.handle [as handle_request] (E:\Jie\blog\node_modules\express\lib\router\layer.js:95:5)
    at E:\Jie\blog\node_modules\express\lib\router\index.js:281:22
    at Function.process_params (E:\Jie\blog\node_modules\express\lib\router\index.js:335:12)
    at next (E:\Jie\blog\node_modules\express\lib\router\index.js:275:10)
    at Function.handle (E:\Jie\blog\node_modules\express\lib\router\index.js:174:3)
    at router (E:\Jie\blog\node_modules\express\lib\router\index.js:47:12)
    at Layer.handle [as handle_request] (E:\Jie\blog\node_modules\express\lib\router\layer.js:95:5)
    at trim_prefix (E:\Jie\blog\node_modules\express\lib\router\index.js:317:13)
    at E:\Jie\blog\node_modules\express\lib\router\index.js:284:7
[2019-11-20T14:14:48.261][ERROR  13388  app] Something went wrong: TypeError: Cannot create property '0' on string ''
    at exports.admin_user_list (E:\Jie\blog\server\controllers\admin.js:80:19)
    at Layer.handle [as handle_request] (E:\Jie\blog\node_modules\express\lib\router\layer.js:95:5)
    at next (E:\Jie\blog\node_modules\express\lib\router\route.js:137:13)
    at requireLogin (E:\Jie\blog\server\api.js:329:5)
    at Layer.handle [as handle_request] (E:\Jie\blog\node_modules\express\lib\router\layer.js:95:5)
    at next (E:\Jie\blog\node_modules\express\lib\router\route.js:137:13)
    at Route.dispatch (E:\Jie\blog\node_modules\express\lib\router\route.js:112:3)
    at Layer.handle [as handle_request] (E:\Jie\blog\node_modules\express\lib\router\layer.js:95:5)
    at E:\Jie\blog\node_modules\express\lib\router\index.js:281:22
    at Function.process_params (E:\Jie\blog\node_modules\express\lib\router\index.js:335:12)
    at next (E:\Jie\blog\node_modules\express\lib\router\index.js:275:10)
    at Function.handle (E:\Jie\blog\node_modules\express\lib\router\index.js:174:3)
    at router (E:\Jie\blog\node_modules\express\lib\router\index.js:47:12)
    at Layer.handle [as handle_request] (E:\Jie\blog\node_modules\express\lib\router\layer.js:95:5)
    at trim_prefix (E:\Jie\blog\node_modules\express\lib\router\index.js:317:13)
    at E:\Jie\blog\node_modules\express\lib\router\index.js:284:7
[2019-11-20T14:33:47.292][ERROR  13068  app] Something went wrong: TypeError: Cannot create property '0' on string ''
    at exports.admin_user_list (E:\Jie\blog\server\controllers\admin.js:79:19)
    at Layer.handle [as handle_request] (E:\Jie\blog\node_modules\express\lib\router\layer.js:95:5)
    at next (E:\Jie\blog\node_modules\express\lib\router\route.js:137:13)
    at Route.dispatch (E:\Jie\blog\node_modules\express\lib\router\route.js:112:3)
    at Layer.handle [as handle_request] (E:\Jie\blog\node_modules\express\lib\router\layer.js:95:5)
    at E:\Jie\blog\node_modules\express\lib\router\index.js:281:22
    at Function.process_params (E:\Jie\blog\node_modules\express\lib\router\index.js:335:12)
    at next (E:\Jie\blog\node_modules\express\lib\router\index.js:275:10)
    at Function.handle (E:\Jie\blog\node_modules\express\lib\router\index.js:174:3)
    at router (E:\Jie\blog\node_modules\express\lib\router\index.js:47:12)
    at Layer.handle [as handle_request] (E:\Jie\blog\node_modules\express\lib\router\layer.js:95:5)
    at trim_prefix (E:\Jie\blog\node_modules\express\lib\router\index.js:317:13)
    at E:\Jie\blog\node_modules\express\lib\router\index.js:284:7
    at Function.process_params (E:\Jie\blog\node_modules\express\lib\router\index.js:335:12)
    at next (E:\Jie\blog\node_modules\express\lib\router\index.js:275:10)
    at next (E:\Jie\blog\node_modules\express\lib\router\route.js:127:14)
[2019-11-20T14:41:42.192][ERROR  14340  app] Something went wrong: TypeError: Cannot create property '0' on string ''
    at exports.admin_user_list (E:\Jie\blog\server\controllers\admin.js:79:19)
    at Layer.handle [as handle_request] (E:\Jie\blog\node_modules\express\lib\router\layer.js:95:5)
    at next (E:\Jie\blog\node_modules\express\lib\router\route.js:137:13)
    at Route.dispatch (E:\Jie\blog\node_modules\express\lib\router\route.js:112:3)
    at Layer.handle [as handle_request] (E:\Jie\blog\node_modules\express\lib\router\layer.js:95:5)
    at E:\Jie\blog\node_modules\express\lib\router\index.js:281:22
    at Function.process_params (E:\Jie\blog\node_modules\express\lib\router\index.js:335:12)
    at next (E:\Jie\blog\node_modules\express\lib\router\index.js:275:10)
    at Function.handle (E:\Jie\blog\node_modules\express\lib\router\index.js:174:3)
    at router (E:\Jie\blog\node_modules\express\lib\router\index.js:47:12)
    at Layer.handle [as handle_request] (E:\Jie\blog\node_modules\express\lib\router\layer.js:95:5)
    at trim_prefix (E:\Jie\blog\node_modules\express\lib\router\index.js:317:13)
    at E:\Jie\blog\node_modules\express\lib\router\index.js:284:7
    at Function.process_params (E:\Jie\blog\node_modules\express\lib\router\index.js:335:12)
    at next (E:\Jie\blog\node_modules\express\lib\router\index.js:275:10)
    at next (E:\Jie\blog\node_modules\express\lib\router\route.js:127:14)
[2019-11-20T14:43:03.607][ERROR  14088  app] Something went wrong: TypeError: Cannot create property '0' on string ''
    at exports.admin_user_list (E:\Jie\blog\server\controllers\admin.js:79:19)
    at Layer.handle [as handle_request] (E:\Jie\blog\node_modules\express\lib\router\layer.js:95:5)
    at next (E:\Jie\blog\node_modules\express\lib\router\route.js:137:13)
    at Route.dispatch (E:\Jie\blog\node_modules\express\lib\router\route.js:112:3)
    at Layer.handle [as handle_request] (E:\Jie\blog\node_modules\express\lib\router\layer.js:95:5)
    at E:\Jie\blog\node_modules\express\lib\router\index.js:281:22
    at Function.process_params (E:\Jie\blog\node_modules\express\lib\router\index.js:335:12)
    at next (E:\Jie\blog\node_modules\express\lib\router\index.js:275:10)
    at Function.handle (E:\Jie\blog\node_modules\express\lib\router\index.js:174:3)
    at router (E:\Jie\blog\node_modules\express\lib\router\index.js:47:12)
    at Layer.handle [as handle_request] (E:\Jie\blog\node_modules\express\lib\router\layer.js:95:5)
    at trim_prefix (E:\Jie\blog\node_modules\express\lib\router\index.js:317:13)
    at E:\Jie\blog\node_modules\express\lib\router\index.js:284:7
    at Function.process_params (E:\Jie\blog\node_modules\express\lib\router\index.js:335:12)
    at next (E:\Jie\blog\node_modules\express\lib\router\index.js:275:10)
    at next (E:\Jie\blog\node_modules\express\lib\router\route.js:127:14)
[2019-11-20T14:45:16.961][ERROR  14788  app] Something went wrong: TypeError: Cannot create property '0' on string ''
    at exports.admin_user_list (E:\Jie\blog\server\controllers\admin.js:80:19)
    at Layer.handle [as handle_request] (E:\Jie\blog\node_modules\express\lib\router\layer.js:95:5)
    at next (E:\Jie\blog\node_modules\express\lib\router\route.js:137:13)
    at Route.dispatch (E:\Jie\blog\node_modules\express\lib\router\route.js:112:3)
    at Layer.handle [as handle_request] (E:\Jie\blog\node_modules\express\lib\router\layer.js:95:5)
    at E:\Jie\blog\node_modules\express\lib\router\index.js:281:22
    at Function.process_params (E:\Jie\blog\node_modules\express\lib\router\index.js:335:12)
    at next (E:\Jie\blog\node_modules\express\lib\router\index.js:275:10)
    at Function.handle (E:\Jie\blog\node_modules\express\lib\router\index.js:174:3)
    at router (E:\Jie\blog\node_modules\express\lib\router\index.js:47:12)
    at Layer.handle [as handle_request] (E:\Jie\blog\node_modules\express\lib\router\layer.js:95:5)
    at trim_prefix (E:\Jie\blog\node_modules\express\lib\router\index.js:317:13)
    at E:\Jie\blog\node_modules\express\lib\router\index.js:284:7
    at Function.process_params (E:\Jie\blog\node_modules\express\lib\router\index.js:335:12)
    at next (E:\Jie\blog\node_modules\express\lib\router\index.js:275:10)
    at next (E:\Jie\blog\node_modules\express\lib\router\route.js:127:14)
