[2019-08-07T16:53:40.109][ERROR  11568  app] Something went wrong: Error: Not Found
    at E:\Jie\blog\server\index.js:100:15
    at Layer.handle [as handle_request] (E:\Jie\blog\node_modules\_express@4.17.0@express\lib\router\layer.js:95:5)
    at trim_prefix (E:\Jie\blog\node_modules\_express@4.17.0@express\lib\router\index.js:317:13)
    at E:\Jie\blog\node_modules\_express@4.17.0@express\lib\router\index.js:284:7
    at Function.process_params (E:\Jie\blog\node_modules\_express@4.17.0@express\lib\router\index.js:335:12)
    at next (E:\Jie\blog\node_modules\_express@4.17.0@express\lib\router\index.js:275:10)
    at SendStream.error (E:\Jie\blog\node_modules\_serve-static@1.14.1@serve-static\index.js:121:7)
    at SendStream.emit (events.js:189:13)
    at SendStream.error (E:\Jie\blog\node_modules\_send@0.17.1@send\index.js:270:17)
    at SendStream.onStatError (E:\Jie\blog\node_modules\_send@0.17.1@send\index.js:421:12)
    at next (E:\Jie\blog\node_modules\_send@0.17.1@send\index.js:735:16)
    at onstat (E:\Jie\blog\node_modules\_send@0.17.1@send\index.js:724:14)
    at FSReqWrap.oncomplete (fs.js:153:21)
[2019-08-07T16:53:53.204][ERROR  11568  app] Something went wrong: Error: Not Found
    at E:\Jie\blog\server\index.js:100:15
    at Layer.handle [as handle_request] (E:\Jie\blog\node_modules\_express@4.17.0@express\lib\router\layer.js:95:5)
    at trim_prefix (E:\Jie\blog\node_modules\_express@4.17.0@express\lib\router\index.js:317:13)
    at E:\Jie\blog\node_modules\_express@4.17.0@express\lib\router\index.js:284:7
    at Function.process_params (E:\Jie\blog\node_modules\_express@4.17.0@express\lib\router\index.js:335:12)
    at next (E:\Jie\blog\node_modules\_express@4.17.0@express\lib\router\index.js:275:10)
    at SendStream.error (E:\Jie\blog\node_modules\_serve-static@1.14.1@serve-static\index.js:121:7)
    at SendStream.emit (events.js:189:13)
    at SendStream.error (E:\Jie\blog\node_modules\_send@0.17.1@send\index.js:270:17)
    at SendStream.onStatError (E:\Jie\blog\node_modules\_send@0.17.1@send\index.js:421:12)
    at next (E:\Jie\blog\node_modules\_send@0.17.1@send\index.js:735:16)
    at onstat (E:\Jie\blog\node_modules\_send@0.17.1@send\index.js:724:14)
    at FSReqWrap.oncomplete (fs.js:153:21)
[2019-08-07T16:55:16.208][ERROR  11568  app] Something went wrong: Error: Not Found
    at E:\Jie\blog\server\index.js:100:15
    at Layer.handle [as handle_request] (E:\Jie\blog\node_modules\_express@4.17.0@express\lib\router\layer.js:95:5)
    at trim_prefix (E:\Jie\blog\node_modules\_express@4.17.0@express\lib\router\index.js:317:13)
    at E:\Jie\blog\node_modules\_express@4.17.0@express\lib\router\index.js:284:7
    at Function.process_params (E:\Jie\blog\node_modules\_express@4.17.0@express\lib\router\index.js:335:12)
    at next (E:\Jie\blog\node_modules\_express@4.17.0@express\lib\router\index.js:275:10)
    at SendStream.error (E:\Jie\blog\node_modules\_serve-static@1.14.1@serve-static\index.js:121:7)
    at SendStream.emit (events.js:189:13)
    at SendStream.error (E:\Jie\blog\node_modules\_send@0.17.1@send\index.js:270:17)
    at SendStream.onStatError (E:\Jie\blog\node_modules\_send@0.17.1@send\index.js:421:12)
    at next (E:\Jie\blog\node_modules\_send@0.17.1@send\index.js:735:16)
    at onstat (E:\Jie\blog\node_modules\_send@0.17.1@send\index.js:724:14)
    at FSReqWrap.oncomplete (fs.js:153:21)
[2019-08-07T16:55:23.186][ERROR  11568  app] Something went wrong: Error: Not Found
    at E:\Jie\blog\server\index.js:100:15
    at Layer.handle [as handle_request] (E:\Jie\blog\node_modules\_express@4.17.0@express\lib\router\layer.js:95:5)
    at trim_prefix (E:\Jie\blog\node_modules\_express@4.17.0@express\lib\router\index.js:317:13)
    at E:\Jie\blog\node_modules\_express@4.17.0@express\lib\router\index.js:284:7
    at Function.process_params (E:\Jie\blog\node_modules\_express@4.17.0@express\lib\router\index.js:335:12)
    at next (E:\Jie\blog\node_modules\_express@4.17.0@express\lib\router\index.js:275:10)
    at SendStream.error (E:\Jie\blog\node_modules\_serve-static@1.14.1@serve-static\index.js:121:7)
    at SendStream.emit (events.js:189:13)
    at SendStream.error (E:\Jie\blog\node_modules\_send@0.17.1@send\index.js:270:17)
    at SendStream.onStatError (E:\Jie\blog\node_modules\_send@0.17.1@send\index.js:421:12)
    at next (E:\Jie\blog\node_modules\_send@0.17.1@send\index.js:735:16)
    at onstat (E:\Jie\blog\node_modules\_send@0.17.1@send\index.js:724:14)
    at FSReqWrap.oncomplete (fs.js:153:21)
[2019-08-07T16:57:11.983][ERROR  11568  app] Something went wrong: Error: Not Found
    at E:\Jie\blog\server\index.js:100:15
    at Layer.handle [as handle_request] (E:\Jie\blog\node_modules\_express@4.17.0@express\lib\router\layer.js:95:5)
    at trim_prefix (E:\Jie\blog\node_modules\_express@4.17.0@express\lib\router\index.js:317:13)
    at E:\Jie\blog\node_modules\_express@4.17.0@express\lib\router\index.js:284:7
    at Function.process_params (E:\Jie\blog\node_modules\_express@4.17.0@express\lib\router\index.js:335:12)
    at next (E:\Jie\blog\node_modules\_express@4.17.0@express\lib\router\index.js:275:10)
    at SendStream.error (E:\Jie\blog\node_modules\_serve-static@1.14.1@serve-static\index.js:121:7)
    at SendStream.emit (events.js:189:13)
    at SendStream.error (E:\Jie\blog\node_modules\_send@0.17.1@send\index.js:270:17)
    at SendStream.onStatError (E:\Jie\blog\node_modules\_send@0.17.1@send\index.js:421:12)
    at next (E:\Jie\blog\node_modules\_send@0.17.1@send\index.js:735:16)
    at onstat (E:\Jie\blog\node_modules\_send@0.17.1@send\index.js:724:14)
    at FSReqWrap.oncomplete (fs.js:153:21)
[2019-08-07T16:58:16.015][ERROR  11884  app] Something went wrong: Error: Not Found
    at E:\Jie\blog\server\index.js:100:15
    at Layer.handle [as handle_request] (E:\Jie\blog\node_modules\_express@4.17.0@express\lib\router\layer.js:95:5)
    at trim_prefix (E:\Jie\blog\node_modules\_express@4.17.0@express\lib\router\index.js:317:13)
    at E:\Jie\blog\node_modules\_express@4.17.0@express\lib\router\index.js:284:7
    at Function.process_params (E:\Jie\blog\node_modules\_express@4.17.0@express\lib\router\index.js:335:12)
    at next (E:\Jie\blog\node_modules\_express@4.17.0@express\lib\router\index.js:275:10)
    at SendStream.error (E:\Jie\blog\node_modules\_serve-static@1.14.1@serve-static\index.js:121:7)
    at SendStream.emit (events.js:189:13)
    at SendStream.error (E:\Jie\blog\node_modules\_send@0.17.1@send\index.js:270:17)
    at SendStream.onStatError (E:\Jie\blog\node_modules\_send@0.17.1@send\index.js:421:12)
    at next (E:\Jie\blog\node_modules\_send@0.17.1@send\index.js:735:16)
    at onstat (E:\Jie\blog\node_modules\_send@0.17.1@send\index.js:724:14)
    at FSReqWrap.oncomplete (fs.js:153:21)
[2019-08-07T16:59:50.781][ERROR  10656  app] Something went wrong: Error: Not Found
    at E:\Jie\blog\server\index.js:100:15
    at Layer.handle [as handle_request] (E:\Jie\blog\node_modules\_express@4.17.0@express\lib\router\layer.js:95:5)
    at trim_prefix (E:\Jie\blog\node_modules\_express@4.17.0@express\lib\router\index.js:317:13)
    at E:\Jie\blog\node_modules\_express@4.17.0@express\lib\router\index.js:284:7
    at Function.process_params (E:\Jie\blog\node_modules\_express@4.17.0@express\lib\router\index.js:335:12)
    at next (E:\Jie\blog\node_modules\_express@4.17.0@express\lib\router\index.js:275:10)
    at SendStream.error (E:\Jie\blog\node_modules\_serve-static@1.14.1@serve-static\index.js:121:7)
    at SendStream.emit (events.js:189:13)
    at SendStream.error (E:\Jie\blog\node_modules\_send@0.17.1@send\index.js:270:17)
    at SendStream.onStatError (E:\Jie\blog\node_modules\_send@0.17.1@send\index.js:421:12)
    at next (E:\Jie\blog\node_modules\_send@0.17.1@send\index.js:735:16)
    at onstat (E:\Jie\blog\node_modules\_send@0.17.1@send\index.js:724:14)
    at FSReqWrap.oncomplete (fs.js:153:21)
[2019-08-07T17:03:50.543][ERROR  8756  app] Something went wrong: TypeError: Cannot read property 'uid' of undefined
    at exports.admin_set_detail (E:\Jie\blog\server\controllers\user.js:123:29)
    at Layer.handle [as handle_request] (E:\Jie\blog\node_modules\_express@4.17.0@express\lib\router\layer.js:95:5)
    at next (E:\Jie\blog\node_modules\_express@4.17.0@express\lib\router\route.js:137:13)
    at Route.dispatch (E:\Jie\blog\node_modules\_express@4.17.0@express\lib\router\route.js:112:3)
    at Layer.handle [as handle_request] (E:\Jie\blog\node_modules\_express@4.17.0@express\lib\router\layer.js:95:5)
    at E:\Jie\blog\node_modules\_express@4.17.0@express\lib\router\index.js:281:22
    at Function.process_params (E:\Jie\blog\node_modules\_express@4.17.0@express\lib\router\index.js:335:12)
    at next (E:\Jie\blog\node_modules\_express@4.17.0@express\lib\router\index.js:275:10)
    at Function.handle (E:\Jie\blog\node_modules\_express@4.17.0@express\lib\router\index.js:174:3)
    at router (E:\Jie\blog\node_modules\_express@4.17.0@express\lib\router\index.js:47:12)
    at Layer.handle [as handle_request] (E:\Jie\blog\node_modules\_express@4.17.0@express\lib\router\layer.js:95:5)
    at trim_prefix (E:\Jie\blog\node_modules\_express@4.17.0@express\lib\router\index.js:317:13)
    at E:\Jie\blog\node_modules\_express@4.17.0@express\lib\router\index.js:284:7
    at Function.process_params (E:\Jie\blog\node_modules\_express@4.17.0@express\lib\router\index.js:335:12)
    at next (E:\Jie\blog\node_modules\_express@4.17.0@express\lib\router\index.js:275:10)
    at next (E:\Jie\blog\node_modules\_express@4.17.0@express\lib\router\route.js:127:14)
[2019-08-07T17:06:11.155][ERROR  11476  app] Something went wrong: TypeError: Cannot read property 'uid' of undefined
    at exports.admin_set_detail (E:\Jie\blog\server\controllers\user.js:123:29)
    at Layer.handle [as handle_request] (E:\Jie\blog\node_modules\_express@4.17.0@express\lib\router\layer.js:95:5)
    at next (E:\Jie\blog\node_modules\_express@4.17.0@express\lib\router\route.js:137:13)
    at Route.dispatch (E:\Jie\blog\node_modules\_express@4.17.0@express\lib\router\route.js:112:3)
    at Layer.handle [as handle_request] (E:\Jie\blog\node_modules\_express@4.17.0@express\lib\router\layer.js:95:5)
    at E:\Jie\blog\node_modules\_express@4.17.0@express\lib\router\index.js:281:22
    at Function.process_params (E:\Jie\blog\node_modules\_express@4.17.0@express\lib\router\index.js:335:12)
    at next (E:\Jie\blog\node_modules\_express@4.17.0@express\lib\router\index.js:275:10)
    at Function.handle (E:\Jie\blog\node_modules\_express@4.17.0@express\lib\router\index.js:174:3)
    at router (E:\Jie\blog\node_modules\_express@4.17.0@express\lib\router\index.js:47:12)
    at Layer.handle [as handle_request] (E:\Jie\blog\node_modules\_express@4.17.0@express\lib\router\layer.js:95:5)
    at trim_prefix (E:\Jie\blog\node_modules\_express@4.17.0@express\lib\router\index.js:317:13)
    at E:\Jie\blog\node_modules\_express@4.17.0@express\lib\router\index.js:284:7
    at Function.process_params (E:\Jie\blog\node_modules\_express@4.17.0@express\lib\router\index.js:335:12)
    at next (E:\Jie\blog\node_modules\_express@4.17.0@express\lib\router\index.js:275:10)
    at next (E:\Jie\blog\node_modules\_express@4.17.0@express\lib\router\route.js:127:14)
[2019-08-07T17:06:53.349][ERROR  10052  app] Something went wrong: Error: Not Found
    at E:\Jie\blog\server\index.js:100:15
    at Layer.handle [as handle_request] (E:\Jie\blog\node_modules\_express@4.17.0@express\lib\router\layer.js:95:5)
    at trim_prefix (E:\Jie\blog\node_modules\_express@4.17.0@express\lib\router\index.js:317:13)
    at E:\Jie\blog\node_modules\_express@4.17.0@express\lib\router\index.js:284:7
    at Function.process_params (E:\Jie\blog\node_modules\_express@4.17.0@express\lib\router\index.js:335:12)
    at next (E:\Jie\blog\node_modules\_express@4.17.0@express\lib\router\index.js:275:10)
    at SendStream.error (E:\Jie\blog\node_modules\_serve-static@1.14.1@serve-static\index.js:121:7)
    at SendStream.emit (events.js:189:13)
    at SendStream.error (E:\Jie\blog\node_modules\_send@0.17.1@send\index.js:270:17)
    at SendStream.onStatError (E:\Jie\blog\node_modules\_send@0.17.1@send\index.js:421:12)
    at next (E:\Jie\blog\node_modules\_send@0.17.1@send\index.js:735:16)
    at onstat (E:\Jie\blog\node_modules\_send@0.17.1@send\index.js:724:14)
    at FSReqWrap.oncomplete (fs.js:153:21)
[2019-08-07T17:09:30.955][ERROR  11256  app] Something went wrong: Error: Not Found
    at E:\Jie\blog\server\index.js:100:15
    at Layer.handle [as handle_request] (E:\Jie\blog\node_modules\_express@4.17.0@express\lib\router\layer.js:95:5)
    at trim_prefix (E:\Jie\blog\node_modules\_express@4.17.0@express\lib\router\index.js:317:13)
    at E:\Jie\blog\node_modules\_express@4.17.0@express\lib\router\index.js:284:7
    at Function.process_params (E:\Jie\blog\node_modules\_express@4.17.0@express\lib\router\index.js:335:12)
    at next (E:\Jie\blog\node_modules\_express@4.17.0@express\lib\router\index.js:275:10)
    at SendStream.error (E:\Jie\blog\node_modules\_serve-static@1.14.1@serve-static\index.js:121:7)
    at SendStream.emit (events.js:189:13)
    at SendStream.error (E:\Jie\blog\node_modules\_send@0.17.1@send\index.js:270:17)
    at SendStream.onStatError (E:\Jie\blog\node_modules\_send@0.17.1@send\index.js:421:12)
    at next (E:\Jie\blog\node_modules\_send@0.17.1@send\index.js:735:16)
    at onstat (E:\Jie\blog\node_modules\_send@0.17.1@send\index.js:724:14)
    at FSReqWrap.oncomplete (fs.js:153:21)
[2019-08-07T17:16:50.580][ERROR  13000  app] Something went wrong: Error: Not Found
    at E:\Jie\blog\server\index.js:100:15
    at Layer.handle [as handle_request] (E:\Jie\blog\node_modules\_express@4.17.0@express\lib\router\layer.js:95:5)
    at trim_prefix (E:\Jie\blog\node_modules\_express@4.17.0@express\lib\router\index.js:317:13)
    at E:\Jie\blog\node_modules\_express@4.17.0@express\lib\router\index.js:284:7
    at Function.process_params (E:\Jie\blog\node_modules\_express@4.17.0@express\lib\router\index.js:335:12)
    at next (E:\Jie\blog\node_modules\_express@4.17.0@express\lib\router\index.js:275:10)
    at SendStream.error (E:\Jie\blog\node_modules\_serve-static@1.14.1@serve-static\index.js:121:7)
    at SendStream.emit (events.js:189:13)
    at SendStream.error (E:\Jie\blog\node_modules\_send@0.17.1@send\index.js:270:17)
    at SendStream.onStatError (E:\Jie\blog\node_modules\_send@0.17.1@send\index.js:421:12)
    at next (E:\Jie\blog\node_modules\_send@0.17.1@send\index.js:735:16)
    at onstat (E:\Jie\blog\node_modules\_send@0.17.1@send\index.js:724:14)
    at FSReqWrap.oncomplete (fs.js:153:21)
[2019-08-07T17:18:29.678][ERROR  12388  app] Something went wrong: Error: Not Found
    at E:\Jie\blog\server\index.js:100:15
    at Layer.handle [as handle_request] (E:\Jie\blog\node_modules\_express@4.17.0@express\lib\router\layer.js:95:5)
    at trim_prefix (E:\Jie\blog\node_modules\_express@4.17.0@express\lib\router\index.js:317:13)
    at E:\Jie\blog\node_modules\_express@4.17.0@express\lib\router\index.js:284:7
    at Function.process_params (E:\Jie\blog\node_modules\_express@4.17.0@express\lib\router\index.js:335:12)
    at next (E:\Jie\blog\node_modules\_express@4.17.0@express\lib\router\index.js:275:10)
    at SendStream.error (E:\Jie\blog\node_modules\_serve-static@1.14.1@serve-static\index.js:121:7)
    at SendStream.emit (events.js:189:13)
    at SendStream.error (E:\Jie\blog\node_modules\_send@0.17.1@send\index.js:270:17)
    at SendStream.onStatError (E:\Jie\blog\node_modules\_send@0.17.1@send\index.js:421:12)
    at next (E:\Jie\blog\node_modules\_send@0.17.1@send\index.js:735:16)
    at onstat (E:\Jie\blog\node_modules\_send@0.17.1@send\index.js:724:14)
    at FSReqWrap.oncomplete (fs.js:153:21)
[2019-08-07T17:19:19.155][ERROR  12388  app] Something went wrong: Error: Not Found
    at E:\Jie\blog\server\index.js:100:15
    at Layer.handle [as handle_request] (E:\Jie\blog\node_modules\_express@4.17.0@express\lib\router\layer.js:95:5)
    at trim_prefix (E:\Jie\blog\node_modules\_express@4.17.0@express\lib\router\index.js:317:13)
    at E:\Jie\blog\node_modules\_express@4.17.0@express\lib\router\index.js:284:7
    at Function.process_params (E:\Jie\blog\node_modules\_express@4.17.0@express\lib\router\index.js:335:12)
    at next (E:\Jie\blog\node_modules\_express@4.17.0@express\lib\router\index.js:275:10)
    at SendStream.error (E:\Jie\blog\node_modules\_serve-static@1.14.1@serve-static\index.js:121:7)
    at SendStream.emit (events.js:189:13)
    at SendStream.error (E:\Jie\blog\node_modules\_send@0.17.1@send\index.js:270:17)
    at SendStream.onStatError (E:\Jie\blog\node_modules\_send@0.17.1@send\index.js:421:12)
    at next (E:\Jie\blog\node_modules\_send@0.17.1@send\index.js:735:16)
    at onstat (E:\Jie\blog\node_modules\_send@0.17.1@send\index.js:724:14)
    at FSReqWrap.oncomplete (fs.js:153:21)
[2019-08-07T17:24:44.097][ERROR  13076  app] Something went wrong: TypeError: Cannot read property 'id' of undefined
    at exports.admin_user_info (E:\Jie\blog\server\controllers\user.js:118:28)
    at Layer.handle [as handle_request] (E:\Jie\blog\node_modules\_express@4.17.0@express\lib\router\layer.js:95:5)
    at next (E:\Jie\blog\node_modules\_express@4.17.0@express\lib\router\route.js:137:13)
    at Route.dispatch (E:\Jie\blog\node_modules\_express@4.17.0@express\lib\router\route.js:112:3)
    at Layer.handle [as handle_request] (E:\Jie\blog\node_modules\_express@4.17.0@express\lib\router\layer.js:95:5)
    at E:\Jie\blog\node_modules\_express@4.17.0@express\lib\router\index.js:281:22
    at Function.process_params (E:\Jie\blog\node_modules\_express@4.17.0@express\lib\router\index.js:335:12)
    at next (E:\Jie\blog\node_modules\_express@4.17.0@express\lib\router\index.js:275:10)
    at Function.handle (E:\Jie\blog\node_modules\_express@4.17.0@express\lib\router\index.js:174:3)
    at router (E:\Jie\blog\node_modules\_express@4.17.0@express\lib\router\index.js:47:12)
    at Layer.handle [as handle_request] (E:\Jie\blog\node_modules\_express@4.17.0@express\lib\router\layer.js:95:5)
    at trim_prefix (E:\Jie\blog\node_modules\_express@4.17.0@express\lib\router\index.js:317:13)
    at E:\Jie\blog\node_modules\_express@4.17.0@express\lib\router\index.js:284:7
    at Function.process_params (E:\Jie\blog\node_modules\_express@4.17.0@express\lib\router\index.js:335:12)
    at next (E:\Jie\blog\node_modules\_express@4.17.0@express\lib\router\index.js:275:10)
    at next (E:\Jie\blog\node_modules\_express@4.17.0@express\lib\router\route.js:127:14)
