[2020-04-01T10:23:52.385][ERROR  6984  app] Something went wrong: ReferenceError: common is not defined
    at exports.test_delFile (E:\Jie\blog\server\controllers\test.js:168:3)
    at Layer.handle [as handle_request] (E:\Jie\blog\node_modules\_express@4.17.1@express\lib\router\layer.js:95:5)
    at next (E:\Jie\blog\node_modules\_express@4.17.1@express\lib\router\route.js:137:13)
    at Route.dispatch (E:\Jie\blog\node_modules\_express@4.17.1@express\lib\router\route.js:112:3)
    at Layer.handle [as handle_request] (E:\Jie\blog\node_modules\_express@4.17.1@express\lib\router\layer.js:95:5)
    at E:\Jie\blog\node_modules\_express@4.17.1@express\lib\router\index.js:281:22
    at Function.process_params (E:\Jie\blog\node_modules\_express@4.17.1@express\lib\router\index.js:335:12)
    at next (E:\Jie\blog\node_modules\_express@4.17.1@express\lib\router\index.js:275:10)
    at Function.handle (E:\Jie\blog\node_modules\_express@4.17.1@express\lib\router\index.js:174:3)
    at router (E:\Jie\blog\node_modules\_express@4.17.1@express\lib\router\index.js:47:12)
    at Layer.handle [as handle_request] (E:\Jie\blog\node_modules\_express@4.17.1@express\lib\router\layer.js:95:5)
    at trim_prefix (E:\Jie\blog\node_modules\_express@4.17.1@express\lib\router\index.js:317:13)
    at E:\Jie\blog\node_modules\_express@4.17.1@express\lib\router\index.js:284:7
    at Function.process_params (E:\Jie\blog\node_modules\_express@4.17.1@express\lib\router\index.js:335:12)
    at next (E:\Jie\blog\node_modules\_express@4.17.1@express\lib\router\index.js:275:10)
    at next (E:\Jie\blog\node_modules\_express@4.17.1@express\lib\router\route.js:127:14)
[2020-04-01T10:24:10.056][ERROR  6988  app] Something went wrong: ReferenceError: fs is not defined
    at Object.deleteFile (E:\Jie\blog\server\common.js:237:5)
    at exports.test_delFile (E:\Jie\blog\server\controllers\test.js:168:8)
    at Layer.handle [as handle_request] (E:\Jie\blog\node_modules\_express@4.17.1@express\lib\router\layer.js:95:5)
    at next (E:\Jie\blog\node_modules\_express@4.17.1@express\lib\router\route.js:137:13)
    at Route.dispatch (E:\Jie\blog\node_modules\_express@4.17.1@express\lib\router\route.js:112:3)
    at Layer.handle [as handle_request] (E:\Jie\blog\node_modules\_express@4.17.1@express\lib\router\layer.js:95:5)
    at E:\Jie\blog\node_modules\_express@4.17.1@express\lib\router\index.js:281:22
    at Function.process_params (E:\Jie\blog\node_modules\_express@4.17.1@express\lib\router\index.js:335:12)
    at next (E:\Jie\blog\node_modules\_express@4.17.1@express\lib\router\index.js:275:10)
    at Function.handle (E:\Jie\blog\node_modules\_express@4.17.1@express\lib\router\index.js:174:3)
    at router (E:\Jie\blog\node_modules\_express@4.17.1@express\lib\router\index.js:47:12)
    at Layer.handle [as handle_request] (E:\Jie\blog\node_modules\_express@4.17.1@express\lib\router\layer.js:95:5)
    at trim_prefix (E:\Jie\blog\node_modules\_express@4.17.1@express\lib\router\index.js:317:13)
    at E:\Jie\blog\node_modules\_express@4.17.1@express\lib\router\index.js:284:7
    at Function.process_params (E:\Jie\blog\node_modules\_express@4.17.1@express\lib\router\index.js:335:12)
    at next (E:\Jie\blog\node_modules\_express@4.17.1@express\lib\router\index.js:275:10)
[2020-04-01T10:32:55.852][ERROR  8924  app] Something went wrong: TypeError: path.resolve is not a function
    at Object.deleteFile (E:\Jie\blog\server\common.js:238:22)
    at exports.test_delFile (E:\Jie\blog\server\controllers\test.js:168:8)
    at Layer.handle [as handle_request] (E:\Jie\blog\node_modules\_express@4.17.1@express\lib\router\layer.js:95:5)
    at next (E:\Jie\blog\node_modules\_express@4.17.1@express\lib\router\route.js:137:13)
    at Route.dispatch (E:\Jie\blog\node_modules\_express@4.17.1@express\lib\router\route.js:112:3)
    at Layer.handle [as handle_request] (E:\Jie\blog\node_modules\_express@4.17.1@express\lib\router\layer.js:95:5)
    at E:\Jie\blog\node_modules\_express@4.17.1@express\lib\router\index.js:281:22
    at Function.process_params (E:\Jie\blog\node_modules\_express@4.17.1@express\lib\router\index.js:335:12)
    at next (E:\Jie\blog\node_modules\_express@4.17.1@express\lib\router\index.js:275:10)
    at Function.handle (E:\Jie\blog\node_modules\_express@4.17.1@express\lib\router\index.js:174:3)
    at router (E:\Jie\blog\node_modules\_express@4.17.1@express\lib\router\index.js:47:12)
    at Layer.handle [as handle_request] (E:\Jie\blog\node_modules\_express@4.17.1@express\lib\router\layer.js:95:5)
    at trim_prefix (E:\Jie\blog\node_modules\_express@4.17.1@express\lib\router\index.js:317:13)
    at E:\Jie\blog\node_modules\_express@4.17.1@express\lib\router\index.js:284:7
    at Function.process_params (E:\Jie\blog\node_modules\_express@4.17.1@express\lib\router\index.js:335:12)
    at next (E:\Jie\blog\node_modules\_express@4.17.1@express\lib\router\index.js:275:10)
[2020-04-01T10:34:20.014][ERROR  10872  app] Something went wrong: TypeError: path.resolve is not a function
    at Object.deleteFile (E:\Jie\blog\server\common.js:240:18)
    at exports.test_delFile (E:\Jie\blog\server\controllers\test.js:168:8)
    at Layer.handle [as handle_request] (E:\Jie\blog\node_modules\_express@4.17.1@express\lib\router\layer.js:95:5)
    at next (E:\Jie\blog\node_modules\_express@4.17.1@express\lib\router\route.js:137:13)
    at Route.dispatch (E:\Jie\blog\node_modules\_express@4.17.1@express\lib\router\route.js:112:3)
    at Layer.handle [as handle_request] (E:\Jie\blog\node_modules\_express@4.17.1@express\lib\router\layer.js:95:5)
    at E:\Jie\blog\node_modules\_express@4.17.1@express\lib\router\index.js:281:22
    at Function.process_params (E:\Jie\blog\node_modules\_express@4.17.1@express\lib\router\index.js:335:12)
    at next (E:\Jie\blog\node_modules\_express@4.17.1@express\lib\router\index.js:275:10)
    at Function.handle (E:\Jie\blog\node_modules\_express@4.17.1@express\lib\router\index.js:174:3)
    at router (E:\Jie\blog\node_modules\_express@4.17.1@express\lib\router\index.js:47:12)
    at Layer.handle [as handle_request] (E:\Jie\blog\node_modules\_express@4.17.1@express\lib\router\layer.js:95:5)
    at trim_prefix (E:\Jie\blog\node_modules\_express@4.17.1@express\lib\router\index.js:317:13)
    at E:\Jie\blog\node_modules\_express@4.17.1@express\lib\router\index.js:284:7
    at Function.process_params (E:\Jie\blog\node_modules\_express@4.17.1@express\lib\router\index.js:335:12)
    at next (E:\Jie\blog\node_modules\_express@4.17.1@express\lib\router\index.js:275:10)
