[2019-05-31T14:50:01.161][ERROR  1820  app] Something went wrong: Not Found
[2019-05-31T14:50:01.177][ERROR  1820  app] ReferenceError: E:\Jie\blog\dist\error.ejs:6
    4| 		<meta charset=utf-8>
    5| 		<meta name=viewport content="width=device-width,initial-scale=1">
 >> 6| 		<title><%= title %></title>
    7| 	</head>
    8| 	<body>
    9| 		<p><%= message %></p>

title is not defined
    at eval (eval at compile (E:\Jie\blog\node_modules\_ejs@2.6.1@ejs\lib\ejs.js:618:12), <anonymous>:11:26)
    at returnedFn (E:\Jie\blog\node_modules\_ejs@2.6.1@ejs\lib\ejs.js:653:17)
    at tryHandleCache (E:\Jie\blog\node_modules\_ejs@2.6.1@ejs\lib\ejs.js:251:36)
    at View.exports.renderFile [as engine] (E:\Jie\blog\node_modules\_ejs@2.6.1@ejs\lib\ejs.js:482:10)
    at View.render (E:\Jie\blog\node_modules\_express@4.17.0@express\lib\view.js:135:8)
    at tryRender (E:\Jie\blog\node_modules\_express@4.17.0@express\lib\application.js:640:10)
    at Function.render (E:\Jie\blog\node_modules\_express@4.17.0@express\lib\application.js:592:3)
    at ServerResponse.render (E:\Jie\blog\node_modules\_express@4.17.0@express\lib\response.js:1016:7)
    at E:\Jie\blog\server\index.js:111:13
    at Layer.handle_error (E:\Jie\blog\node_modules\_express@4.17.0@express\lib\router\layer.js:71:5)
    at trim_prefix (E:\Jie\blog\node_modules\_express@4.17.0@express\lib\router\index.js:315:13)
    at E:\Jie\blog\node_modules\_express@4.17.0@express\lib\router\index.js:284:7
    at Function.process_params (E:\Jie\blog\node_modules\_express@4.17.0@express\lib\router\index.js:335:12)
    at next (E:\Jie\blog\node_modules\_express@4.17.0@express\lib\router\index.js:275:10)
    at E:\Jie\blog\server\index.js:102:5
    at Layer.handle [as handle_request] (E:\Jie\blog\node_modules\_express@4.17.0@express\lib\router\layer.js:95:5)
[2019-05-31T14:51:11.126][ERROR  11252  app] Something went wrong: Not Found
[2019-05-31T14:55:50.704][ERROR  7648  app] Something went wrong: Error: Not Found
    at E:\Jie\blog\server\index.js:100:15
    at Layer.handle [as handle_request] (E:\Jie\blog\node_modules\_express@4.17.0@express\lib\router\layer.js:95:5)
    at trim_prefix (E:\Jie\blog\node_modules\_express@4.17.0@express\lib\router\index.js:317:13)
    at E:\Jie\blog\node_modules\_express@4.17.0@express\lib\router\index.js:284:7
    at Function.process_params (E:\Jie\blog\node_modules\_express@4.17.0@express\lib\router\index.js:335:12)
    at next (E:\Jie\blog\node_modules\_express@4.17.0@express\lib\router\index.js:275:10)
    at serveStatic (E:\Jie\blog\node_modules\_serve-static@1.14.1@serve-static\index.js:75:16)
    at Layer.handle [as handle_request] (E:\Jie\blog\node_modules\_express@4.17.0@express\lib\router\layer.js:95:5)
    at trim_prefix (E:\Jie\blog\node_modules\_express@4.17.0@express\lib\router\index.js:317:13)
    at E:\Jie\blog\node_modules\_express@4.17.0@express\lib\router\index.js:284:7
    at Function.process_params (E:\Jie\blog\node_modules\_express@4.17.0@express\lib\router\index.js:335:12)
    at next (E:\Jie\blog\node_modules\_express@4.17.0@express\lib\router\index.js:275:10)
    at E:\Jie\blog\node_modules\_connect-history-api-fallback@1.6.0@connect-history-api-fallback\lib\index.js:18:14
    at Layer.handle [as handle_request] (E:\Jie\blog\node_modules\_express@4.17.0@express\lib\router\layer.js:95:5)
    at trim_prefix (E:\Jie\blog\node_modules\_express@4.17.0@express\lib\router\index.js:317:13)
    at E:\Jie\blog\node_modules\_express@4.17.0@express\lib\router\index.js:284:7
