[2020-03-19T17:27:12.151][ERROR  7144  app] Something went wrong: Error: Not Found
    at E:\Jie\blog\server\index.js:100:15
    at Layer.handle [as handle_request] (E:\Jie\blog\node_modules\express\lib\router\layer.js:95:5)
    at trim_prefix (E:\Jie\blog\node_modules\express\lib\router\index.js:317:13)
    at E:\Jie\blog\node_modules\express\lib\router\index.js:284:7
    at Function.process_params (E:\Jie\blog\node_modules\express\lib\router\index.js:335:12)
    at next (E:\Jie\blog\node_modules\express\lib\router\index.js:275:10)
    at serveStatic (E:\Jie\blog\node_modules\serve-static\index.js:75:16)
    at Layer.handle [as handle_request] (E:\Jie\blog\node_modules\express\lib\router\layer.js:95:5)
    at trim_prefix (E:\Jie\blog\node_modules\express\lib\router\index.js:317:13)
    at E:\Jie\blog\node_modules\express\lib\router\index.js:284:7
    at Function.process_params (E:\Jie\blog\node_modules\express\lib\router\index.js:335:12)
    at next (E:\Jie\blog\node_modules\express\lib\router\index.js:275:10)
    at E:\Jie\blog\node_modules\connect-history-api-fallback\lib\index.js:18:14
    at Layer.handle [as handle_request] (E:\Jie\blog\node_modules\express\lib\router\layer.js:95:5)
    at trim_prefix (E:\Jie\blog\node_modules\express\lib\router\index.js:317:13)
    at E:\Jie\blog\node_modules\express\lib\router\index.js:284:7
[2020-03-19T18:32:10.268][ERROR  8508  app] Something went wrong: Error: Not Found
    at E:\Jie\blog\server\index.js:100:15
    at Layer.handle [as handle_request] (E:\Jie\blog\node_modules\express\lib\router\layer.js:95:5)
    at trim_prefix (E:\Jie\blog\node_modules\express\lib\router\index.js:317:13)
    at E:\Jie\blog\node_modules\express\lib\router\index.js:284:7
    at Function.process_params (E:\Jie\blog\node_modules\express\lib\router\index.js:335:12)
    at next (E:\Jie\blog\node_modules\express\lib\router\index.js:275:10)
    at serveStatic (E:\Jie\blog\node_modules\serve-static\index.js:75:16)
    at Layer.handle [as handle_request] (E:\Jie\blog\node_modules\express\lib\router\layer.js:95:5)
    at trim_prefix (E:\Jie\blog\node_modules\express\lib\router\index.js:317:13)
    at E:\Jie\blog\node_modules\express\lib\router\index.js:284:7
    at Function.process_params (E:\Jie\blog\node_modules\express\lib\router\index.js:335:12)
    at next (E:\Jie\blog\node_modules\express\lib\router\index.js:275:10)
    at E:\Jie\blog\node_modules\connect-history-api-fallback\lib\index.js:18:14
    at Layer.handle [as handle_request] (E:\Jie\blog\node_modules\express\lib\router\layer.js:95:5)
    at trim_prefix (E:\Jie\blog\node_modules\express\lib\router\index.js:317:13)
    at E:\Jie\blog\node_modules\express\lib\router\index.js:284:7
[2020-03-19T19:47:18.923][ERROR  9588  app] Something went wrong: Error: Not Found
    at E:\Jie\blog\server\index.js:101:15
    at Layer.handle [as handle_request] (E:\Jie\blog\node_modules\express\lib\router\layer.js:95:5)
    at trim_prefix (E:\Jie\blog\node_modules\express\lib\router\index.js:317:13)
    at E:\Jie\blog\node_modules\express\lib\router\index.js:284:7
    at Function.process_params (E:\Jie\blog\node_modules\express\lib\router\index.js:335:12)
    at next (E:\Jie\blog\node_modules\express\lib\router\index.js:275:10)
    at SendStream.error (E:\Jie\blog\node_modules\serve-static\index.js:121:7)
    at SendStream.emit (events.js:189:13)
    at SendStream.error (E:\Jie\blog\node_modules\send\index.js:270:17)
    at SendStream.onStatError (E:\Jie\blog\node_modules\send\index.js:421:12)
    at onstat (E:\Jie\blog\node_modules\send\index.js:727:26)
    at FSReqWrap.oncomplete (fs.js:153:21)
[2020-03-19T19:47:19.080][ERROR  9588  app] Something went wrong: Error: Not Found
    at E:\Jie\blog\server\index.js:101:15
    at Layer.handle [as handle_request] (E:\Jie\blog\node_modules\express\lib\router\layer.js:95:5)
    at trim_prefix (E:\Jie\blog\node_modules\express\lib\router\index.js:317:13)
    at E:\Jie\blog\node_modules\express\lib\router\index.js:284:7
    at Function.process_params (E:\Jie\blog\node_modules\express\lib\router\index.js:335:12)
    at next (E:\Jie\blog\node_modules\express\lib\router\index.js:275:10)
    at SendStream.error (E:\Jie\blog\node_modules\serve-static\index.js:121:7)
    at SendStream.emit (events.js:189:13)
    at SendStream.error (E:\Jie\blog\node_modules\send\index.js:270:17)
    at SendStream.onStatError (E:\Jie\blog\node_modules\send\index.js:421:12)
    at onstat (E:\Jie\blog\node_modules\send\index.js:727:26)
    at FSReqWrap.oncomplete (fs.js:153:21)
[2020-03-19T19:50:46.763][ERROR  9992  app] Something went wrong: Error: ENOENT: no such file or directory, mkdir '../dist/uploads/avatar'
    at Object.mkdirSync (fs.js:752:3)
    at Object.createFolder (E:\Jie\blog\server\upload.js:43:10)
    at exports.upload_img (E:\Jie\blog\server\controllers\upload.js:16:10)
    at Layer.handle [as handle_request] (E:\Jie\blog\node_modules\express\lib\router\layer.js:95:5)
    at next (E:\Jie\blog\node_modules\express\lib\router\route.js:137:13)
    at Route.dispatch (E:\Jie\blog\node_modules\express\lib\router\route.js:112:3)
    at Layer.handle [as handle_request] (E:\Jie\blog\node_modules\express\lib\router\layer.js:95:5)
    at E:\Jie\blog\node_modules\express\lib\router\index.js:281:22
    at Function.process_params (E:\Jie\blog\node_modules\express\lib\router\index.js:335:12)
    at next (E:\Jie\blog\node_modules\express\lib\router\index.js:275:10)
    at Function.handle (E:\Jie\blog\node_modules\express\lib\router\index.js:174:3)
    at router (E:\Jie\blog\node_modules\express\lib\router\index.js:47:12)
    at Layer.handle [as handle_request] (E:\Jie\blog\node_modules\express\lib\router\layer.js:95:5)
    at trim_prefix (E:\Jie\blog\node_modules\express\lib\router\index.js:317:13)
    at E:\Jie\blog\node_modules\express\lib\router\index.js:284:7
    at Function.process_params (E:\Jie\blog\node_modules\express\lib\router\index.js:335:12)
[2020-03-19T19:54:03.304][ERROR  9992  app] Something went wrong: Error: Not Found
    at E:\Jie\blog\server\index.js:101:15
    at Layer.handle [as handle_request] (E:\Jie\blog\node_modules\express\lib\router\layer.js:95:5)
    at trim_prefix (E:\Jie\blog\node_modules\express\lib\router\index.js:317:13)
    at E:\Jie\blog\node_modules\express\lib\router\index.js:284:7
    at Function.process_params (E:\Jie\blog\node_modules\express\lib\router\index.js:335:12)
    at next (E:\Jie\blog\node_modules\express\lib\router\index.js:275:10)
    at SendStream.error (E:\Jie\blog\node_modules\serve-static\index.js:121:7)
    at SendStream.emit (events.js:189:13)
    at SendStream.error (E:\Jie\blog\node_modules\send\index.js:270:17)
    at SendStream.onStatError (E:\Jie\blog\node_modules\send\index.js:421:12)
    at onstat (E:\Jie\blog\node_modules\send\index.js:727:26)
    at FSReqWrap.oncomplete (fs.js:153:21)
