[2020-03-17T10:07:06.868][ERROR  9616  app] Something went wrong: Error: Not Found
    at E:\Jie\blog\server\index.js:100:15
    at Layer.handle [as handle_request] (E:\Jie\blog\node_modules\express\lib\router\layer.js:95:5)
    at trim_prefix (E:\Jie\blog\node_modules\express\lib\router\index.js:317:13)
    at E:\Jie\blog\node_modules\express\lib\router\index.js:284:7
    at Function.process_params (E:\Jie\blog\node_modules\express\lib\router\index.js:335:12)
    at next (E:\Jie\blog\node_modules\express\lib\router\index.js:275:10)
    at serveStatic (E:\Jie\blog\node_modules\serve-static\index.js:75:16)
    at Layer.handle [as handle_request] (E:\Jie\blog\node_modules\express\lib\router\layer.js:95:5)
    at trim_prefix (E:\Jie\blog\node_modules\express\lib\router\index.js:317:13)
    at E:\Jie\blog\node_modules\express\lib\router\index.js:284:7
    at Function.process_params (E:\Jie\blog\node_modules\express\lib\router\index.js:335:12)
    at next (E:\Jie\blog\node_modules\express\lib\router\index.js:275:10)
    at E:\Jie\blog\node_modules\connect-history-api-fallback\lib\index.js:18:14
    at Layer.handle [as handle_request] (E:\Jie\blog\node_modules\express\lib\router\layer.js:95:5)
    at trim_prefix (E:\Jie\blog\node_modules\express\lib\router\index.js:317:13)
    at E:\Jie\blog\node_modules\express\lib\router\index.js:284:7
[2020-03-17T10:45:07.042][ERROR  9616  app] Something went wrong: Error: Not Found
    at E:\Jie\blog\server\index.js:100:15
    at Layer.handle [as handle_request] (E:\Jie\blog\node_modules\express\lib\router\layer.js:95:5)
    at trim_prefix (E:\Jie\blog\node_modules\express\lib\router\index.js:317:13)
    at E:\Jie\blog\node_modules\express\lib\router\index.js:284:7
    at Function.process_params (E:\Jie\blog\node_modules\express\lib\router\index.js:335:12)
    at next (E:\Jie\blog\node_modules\express\lib\router\index.js:275:10)
    at serveStatic (E:\Jie\blog\node_modules\serve-static\index.js:75:16)
    at Layer.handle [as handle_request] (E:\Jie\blog\node_modules\express\lib\router\layer.js:95:5)
    at trim_prefix (E:\Jie\blog\node_modules\express\lib\router\index.js:317:13)
    at E:\Jie\blog\node_modules\express\lib\router\index.js:284:7
    at Function.process_params (E:\Jie\blog\node_modules\express\lib\router\index.js:335:12)
    at next (E:\Jie\blog\node_modules\express\lib\router\index.js:275:10)
    at E:\Jie\blog\node_modules\connect-history-api-fallback\lib\index.js:18:14
    at Layer.handle [as handle_request] (E:\Jie\blog\node_modules\express\lib\router\layer.js:95:5)
    at trim_prefix (E:\Jie\blog\node_modules\express\lib\router\index.js:317:13)
    at E:\Jie\blog\node_modules\express\lib\router\index.js:284:7
[2020-03-17T10:47:59.340][ERROR  9616  app] Something went wrong: Error: Not Found
    at E:\Jie\blog\server\index.js:100:15
    at Layer.handle [as handle_request] (E:\Jie\blog\node_modules\express\lib\router\layer.js:95:5)
    at trim_prefix (E:\Jie\blog\node_modules\express\lib\router\index.js:317:13)
    at E:\Jie\blog\node_modules\express\lib\router\index.js:284:7
    at Function.process_params (E:\Jie\blog\node_modules\express\lib\router\index.js:335:12)
    at next (E:\Jie\blog\node_modules\express\lib\router\index.js:275:10)
    at serveStatic (E:\Jie\blog\node_modules\serve-static\index.js:75:16)
    at Layer.handle [as handle_request] (E:\Jie\blog\node_modules\express\lib\router\layer.js:95:5)
    at trim_prefix (E:\Jie\blog\node_modules\express\lib\router\index.js:317:13)
    at E:\Jie\blog\node_modules\express\lib\router\index.js:284:7
    at Function.process_params (E:\Jie\blog\node_modules\express\lib\router\index.js:335:12)
    at next (E:\Jie\blog\node_modules\express\lib\router\index.js:275:10)
    at E:\Jie\blog\node_modules\connect-history-api-fallback\lib\index.js:18:14
    at Layer.handle [as handle_request] (E:\Jie\blog\node_modules\express\lib\router\layer.js:95:5)
    at trim_prefix (E:\Jie\blog\node_modules\express\lib\router\index.js:317:13)
    at E:\Jie\blog\node_modules\express\lib\router\index.js:284:7
[2020-03-17T10:48:24.066][ERROR  9616  app] Something went wrong: Error: Not Found
    at E:\Jie\blog\server\index.js:100:15
    at Layer.handle [as handle_request] (E:\Jie\blog\node_modules\express\lib\router\layer.js:95:5)
    at trim_prefix (E:\Jie\blog\node_modules\express\lib\router\index.js:317:13)
    at E:\Jie\blog\node_modules\express\lib\router\index.js:284:7
    at Function.process_params (E:\Jie\blog\node_modules\express\lib\router\index.js:335:12)
    at next (E:\Jie\blog\node_modules\express\lib\router\index.js:275:10)
    at serveStatic (E:\Jie\blog\node_modules\serve-static\index.js:75:16)
    at Layer.handle [as handle_request] (E:\Jie\blog\node_modules\express\lib\router\layer.js:95:5)
    at trim_prefix (E:\Jie\blog\node_modules\express\lib\router\index.js:317:13)
    at E:\Jie\blog\node_modules\express\lib\router\index.js:284:7
    at Function.process_params (E:\Jie\blog\node_modules\express\lib\router\index.js:335:12)
    at next (E:\Jie\blog\node_modules\express\lib\router\index.js:275:10)
    at E:\Jie\blog\node_modules\connect-history-api-fallback\lib\index.js:18:14
    at Layer.handle [as handle_request] (E:\Jie\blog\node_modules\express\lib\router\layer.js:95:5)
    at trim_prefix (E:\Jie\blog\node_modules\express\lib\router\index.js:317:13)
    at E:\Jie\blog\node_modules\express\lib\router\index.js:284:7
[2020-03-17T10:49:00.698][ERROR  9616  app] Something went wrong: Error: Not Found
    at E:\Jie\blog\server\index.js:100:15
    at Layer.handle [as handle_request] (E:\Jie\blog\node_modules\express\lib\router\layer.js:95:5)
    at trim_prefix (E:\Jie\blog\node_modules\express\lib\router\index.js:317:13)
    at E:\Jie\blog\node_modules\express\lib\router\index.js:284:7
    at Function.process_params (E:\Jie\blog\node_modules\express\lib\router\index.js:335:12)
    at next (E:\Jie\blog\node_modules\express\lib\router\index.js:275:10)
    at serveStatic (E:\Jie\blog\node_modules\serve-static\index.js:75:16)
    at Layer.handle [as handle_request] (E:\Jie\blog\node_modules\express\lib\router\layer.js:95:5)
    at trim_prefix (E:\Jie\blog\node_modules\express\lib\router\index.js:317:13)
    at E:\Jie\blog\node_modules\express\lib\router\index.js:284:7
    at Function.process_params (E:\Jie\blog\node_modules\express\lib\router\index.js:335:12)
    at next (E:\Jie\blog\node_modules\express\lib\router\index.js:275:10)
    at E:\Jie\blog\node_modules\connect-history-api-fallback\lib\index.js:18:14
    at Layer.handle [as handle_request] (E:\Jie\blog\node_modules\express\lib\router\layer.js:95:5)
    at trim_prefix (E:\Jie\blog\node_modules\express\lib\router\index.js:317:13)
    at E:\Jie\blog\node_modules\express\lib\router\index.js:284:7
[2020-03-17T10:49:11.414][ERROR  9616  app] Something went wrong: Error: Not Found
    at E:\Jie\blog\server\index.js:100:15
    at Layer.handle [as handle_request] (E:\Jie\blog\node_modules\express\lib\router\layer.js:95:5)
    at trim_prefix (E:\Jie\blog\node_modules\express\lib\router\index.js:317:13)
    at E:\Jie\blog\node_modules\express\lib\router\index.js:284:7
    at Function.process_params (E:\Jie\blog\node_modules\express\lib\router\index.js:335:12)
    at next (E:\Jie\blog\node_modules\express\lib\router\index.js:275:10)
    at serveStatic (E:\Jie\blog\node_modules\serve-static\index.js:75:16)
    at Layer.handle [as handle_request] (E:\Jie\blog\node_modules\express\lib\router\layer.js:95:5)
    at trim_prefix (E:\Jie\blog\node_modules\express\lib\router\index.js:317:13)
    at E:\Jie\blog\node_modules\express\lib\router\index.js:284:7
    at Function.process_params (E:\Jie\blog\node_modules\express\lib\router\index.js:335:12)
    at next (E:\Jie\blog\node_modules\express\lib\router\index.js:275:10)
    at E:\Jie\blog\node_modules\connect-history-api-fallback\lib\index.js:18:14
    at Layer.handle [as handle_request] (E:\Jie\blog\node_modules\express\lib\router\layer.js:95:5)
    at trim_prefix (E:\Jie\blog\node_modules\express\lib\router\index.js:317:13)
    at E:\Jie\blog\node_modules\express\lib\router\index.js:284:7
[2020-03-17T10:49:39.178][ERROR  9616  app] Something went wrong: Error: Not Found
    at E:\Jie\blog\server\index.js:100:15
    at Layer.handle [as handle_request] (E:\Jie\blog\node_modules\express\lib\router\layer.js:95:5)
    at trim_prefix (E:\Jie\blog\node_modules\express\lib\router\index.js:317:13)
    at E:\Jie\blog\node_modules\express\lib\router\index.js:284:7
    at Function.process_params (E:\Jie\blog\node_modules\express\lib\router\index.js:335:12)
    at next (E:\Jie\blog\node_modules\express\lib\router\index.js:275:10)
    at serveStatic (E:\Jie\blog\node_modules\serve-static\index.js:75:16)
    at Layer.handle [as handle_request] (E:\Jie\blog\node_modules\express\lib\router\layer.js:95:5)
    at trim_prefix (E:\Jie\blog\node_modules\express\lib\router\index.js:317:13)
    at E:\Jie\blog\node_modules\express\lib\router\index.js:284:7
    at Function.process_params (E:\Jie\blog\node_modules\express\lib\router\index.js:335:12)
    at next (E:\Jie\blog\node_modules\express\lib\router\index.js:275:10)
    at E:\Jie\blog\node_modules\connect-history-api-fallback\lib\index.js:18:14
    at Layer.handle [as handle_request] (E:\Jie\blog\node_modules\express\lib\router\layer.js:95:5)
    at trim_prefix (E:\Jie\blog\node_modules\express\lib\router\index.js:317:13)
    at E:\Jie\blog\node_modules\express\lib\router\index.js:284:7
[2020-03-17T10:49:57.488][ERROR  9616  app] Something went wrong: Error: Not Found
    at E:\Jie\blog\server\index.js:100:15
    at Layer.handle [as handle_request] (E:\Jie\blog\node_modules\express\lib\router\layer.js:95:5)
    at trim_prefix (E:\Jie\blog\node_modules\express\lib\router\index.js:317:13)
    at E:\Jie\blog\node_modules\express\lib\router\index.js:284:7
    at Function.process_params (E:\Jie\blog\node_modules\express\lib\router\index.js:335:12)
    at next (E:\Jie\blog\node_modules\express\lib\router\index.js:275:10)
    at serveStatic (E:\Jie\blog\node_modules\serve-static\index.js:75:16)
    at Layer.handle [as handle_request] (E:\Jie\blog\node_modules\express\lib\router\layer.js:95:5)
    at trim_prefix (E:\Jie\blog\node_modules\express\lib\router\index.js:317:13)
    at E:\Jie\blog\node_modules\express\lib\router\index.js:284:7
    at Function.process_params (E:\Jie\blog\node_modules\express\lib\router\index.js:335:12)
    at next (E:\Jie\blog\node_modules\express\lib\router\index.js:275:10)
    at E:\Jie\blog\node_modules\connect-history-api-fallback\lib\index.js:18:14
    at Layer.handle [as handle_request] (E:\Jie\blog\node_modules\express\lib\router\layer.js:95:5)
    at trim_prefix (E:\Jie\blog\node_modules\express\lib\router\index.js:317:13)
    at E:\Jie\blog\node_modules\express\lib\router\index.js:284:7
[2020-03-17T10:50:25.265][ERROR  9616  app] Something went wrong: Error: Not Found
    at E:\Jie\blog\server\index.js:100:15
    at Layer.handle [as handle_request] (E:\Jie\blog\node_modules\express\lib\router\layer.js:95:5)
    at trim_prefix (E:\Jie\blog\node_modules\express\lib\router\index.js:317:13)
    at E:\Jie\blog\node_modules\express\lib\router\index.js:284:7
    at Function.process_params (E:\Jie\blog\node_modules\express\lib\router\index.js:335:12)
    at next (E:\Jie\blog\node_modules\express\lib\router\index.js:275:10)
    at serveStatic (E:\Jie\blog\node_modules\serve-static\index.js:75:16)
    at Layer.handle [as handle_request] (E:\Jie\blog\node_modules\express\lib\router\layer.js:95:5)
    at trim_prefix (E:\Jie\blog\node_modules\express\lib\router\index.js:317:13)
    at E:\Jie\blog\node_modules\express\lib\router\index.js:284:7
    at Function.process_params (E:\Jie\blog\node_modules\express\lib\router\index.js:335:12)
    at next (E:\Jie\blog\node_modules\express\lib\router\index.js:275:10)
    at E:\Jie\blog\node_modules\connect-history-api-fallback\lib\index.js:18:14
    at Layer.handle [as handle_request] (E:\Jie\blog\node_modules\express\lib\router\layer.js:95:5)
    at trim_prefix (E:\Jie\blog\node_modules\express\lib\router\index.js:317:13)
    at E:\Jie\blog\node_modules\express\lib\router\index.js:284:7
[2020-03-17T10:55:27.371][ERROR  9616  app] Something went wrong: Error: Not Found
    at E:\Jie\blog\server\index.js:100:15
    at Layer.handle [as handle_request] (E:\Jie\blog\node_modules\express\lib\router\layer.js:95:5)
    at trim_prefix (E:\Jie\blog\node_modules\express\lib\router\index.js:317:13)
    at E:\Jie\blog\node_modules\express\lib\router\index.js:284:7
    at Function.process_params (E:\Jie\blog\node_modules\express\lib\router\index.js:335:12)
    at next (E:\Jie\blog\node_modules\express\lib\router\index.js:275:10)
    at serveStatic (E:\Jie\blog\node_modules\serve-static\index.js:75:16)
    at Layer.handle [as handle_request] (E:\Jie\blog\node_modules\express\lib\router\layer.js:95:5)
    at trim_prefix (E:\Jie\blog\node_modules\express\lib\router\index.js:317:13)
    at E:\Jie\blog\node_modules\express\lib\router\index.js:284:7
    at Function.process_params (E:\Jie\blog\node_modules\express\lib\router\index.js:335:12)
    at next (E:\Jie\blog\node_modules\express\lib\router\index.js:275:10)
    at E:\Jie\blog\node_modules\connect-history-api-fallback\lib\index.js:18:14
    at Layer.handle [as handle_request] (E:\Jie\blog\node_modules\express\lib\router\layer.js:95:5)
    at trim_prefix (E:\Jie\blog\node_modules\express\lib\router\index.js:317:13)
    at E:\Jie\blog\node_modules\express\lib\router\index.js:284:7
[2020-03-17T10:55:32.367][ERROR  9616  app] Something went wrong: Error: Not Found
    at E:\Jie\blog\server\index.js:100:15
    at Layer.handle [as handle_request] (E:\Jie\blog\node_modules\express\lib\router\layer.js:95:5)
    at trim_prefix (E:\Jie\blog\node_modules\express\lib\router\index.js:317:13)
    at E:\Jie\blog\node_modules\express\lib\router\index.js:284:7
    at Function.process_params (E:\Jie\blog\node_modules\express\lib\router\index.js:335:12)
    at next (E:\Jie\blog\node_modules\express\lib\router\index.js:275:10)
    at serveStatic (E:\Jie\blog\node_modules\serve-static\index.js:75:16)
    at Layer.handle [as handle_request] (E:\Jie\blog\node_modules\express\lib\router\layer.js:95:5)
    at trim_prefix (E:\Jie\blog\node_modules\express\lib\router\index.js:317:13)
    at E:\Jie\blog\node_modules\express\lib\router\index.js:284:7
    at Function.process_params (E:\Jie\blog\node_modules\express\lib\router\index.js:335:12)
    at next (E:\Jie\blog\node_modules\express\lib\router\index.js:275:10)
    at E:\Jie\blog\node_modules\connect-history-api-fallback\lib\index.js:18:14
    at Layer.handle [as handle_request] (E:\Jie\blog\node_modules\express\lib\router\layer.js:95:5)
    at trim_prefix (E:\Jie\blog\node_modules\express\lib\router\index.js:317:13)
    at E:\Jie\blog\node_modules\express\lib\router\index.js:284:7
[2020-03-17T11:02:10.136][ERROR  9616  app] Something went wrong: Error: Not Found
    at E:\Jie\blog\server\index.js:100:15
    at Layer.handle [as handle_request] (E:\Jie\blog\node_modules\express\lib\router\layer.js:95:5)
    at trim_prefix (E:\Jie\blog\node_modules\express\lib\router\index.js:317:13)
    at E:\Jie\blog\node_modules\express\lib\router\index.js:284:7
    at Function.process_params (E:\Jie\blog\node_modules\express\lib\router\index.js:335:12)
    at next (E:\Jie\blog\node_modules\express\lib\router\index.js:275:10)
    at serveStatic (E:\Jie\blog\node_modules\serve-static\index.js:75:16)
    at Layer.handle [as handle_request] (E:\Jie\blog\node_modules\express\lib\router\layer.js:95:5)
    at trim_prefix (E:\Jie\blog\node_modules\express\lib\router\index.js:317:13)
    at E:\Jie\blog\node_modules\express\lib\router\index.js:284:7
    at Function.process_params (E:\Jie\blog\node_modules\express\lib\router\index.js:335:12)
    at next (E:\Jie\blog\node_modules\express\lib\router\index.js:275:10)
    at E:\Jie\blog\node_modules\connect-history-api-fallback\lib\index.js:18:14
    at Layer.handle [as handle_request] (E:\Jie\blog\node_modules\express\lib\router\layer.js:95:5)
    at trim_prefix (E:\Jie\blog\node_modules\express\lib\router\index.js:317:13)
    at E:\Jie\blog\node_modules\express\lib\router\index.js:284:7
[2020-03-17T11:03:22.213][ERROR  9616  app] Something went wrong: Error: Not Found
    at E:\Jie\blog\server\index.js:100:15
    at Layer.handle [as handle_request] (E:\Jie\blog\node_modules\express\lib\router\layer.js:95:5)
    at trim_prefix (E:\Jie\blog\node_modules\express\lib\router\index.js:317:13)
    at E:\Jie\blog\node_modules\express\lib\router\index.js:284:7
    at Function.process_params (E:\Jie\blog\node_modules\express\lib\router\index.js:335:12)
    at next (E:\Jie\blog\node_modules\express\lib\router\index.js:275:10)
    at serveStatic (E:\Jie\blog\node_modules\serve-static\index.js:75:16)
    at Layer.handle [as handle_request] (E:\Jie\blog\node_modules\express\lib\router\layer.js:95:5)
    at trim_prefix (E:\Jie\blog\node_modules\express\lib\router\index.js:317:13)
    at E:\Jie\blog\node_modules\express\lib\router\index.js:284:7
    at Function.process_params (E:\Jie\blog\node_modules\express\lib\router\index.js:335:12)
    at next (E:\Jie\blog\node_modules\express\lib\router\index.js:275:10)
    at E:\Jie\blog\node_modules\connect-history-api-fallback\lib\index.js:18:14
    at Layer.handle [as handle_request] (E:\Jie\blog\node_modules\express\lib\router\layer.js:95:5)
    at trim_prefix (E:\Jie\blog\node_modules\express\lib\router\index.js:317:13)
    at E:\Jie\blog\node_modules\express\lib\router\index.js:284:7
[2020-03-17T11:04:30.050][ERROR  9616  app] Something went wrong: Error: Not Found
    at E:\Jie\blog\server\index.js:100:15
    at Layer.handle [as handle_request] (E:\Jie\blog\node_modules\express\lib\router\layer.js:95:5)
    at trim_prefix (E:\Jie\blog\node_modules\express\lib\router\index.js:317:13)
    at E:\Jie\blog\node_modules\express\lib\router\index.js:284:7
    at Function.process_params (E:\Jie\blog\node_modules\express\lib\router\index.js:335:12)
    at next (E:\Jie\blog\node_modules\express\lib\router\index.js:275:10)
    at serveStatic (E:\Jie\blog\node_modules\serve-static\index.js:75:16)
    at Layer.handle [as handle_request] (E:\Jie\blog\node_modules\express\lib\router\layer.js:95:5)
    at trim_prefix (E:\Jie\blog\node_modules\express\lib\router\index.js:317:13)
    at E:\Jie\blog\node_modules\express\lib\router\index.js:284:7
    at Function.process_params (E:\Jie\blog\node_modules\express\lib\router\index.js:335:12)
    at next (E:\Jie\blog\node_modules\express\lib\router\index.js:275:10)
    at E:\Jie\blog\node_modules\connect-history-api-fallback\lib\index.js:18:14
    at Layer.handle [as handle_request] (E:\Jie\blog\node_modules\express\lib\router\layer.js:95:5)
    at trim_prefix (E:\Jie\blog\node_modules\express\lib\router\index.js:317:13)
    at E:\Jie\blog\node_modules\express\lib\router\index.js:284:7
[2020-03-17T11:05:05.538][ERROR  9616  app] Something went wrong: Error: Not Found
    at E:\Jie\blog\server\index.js:100:15
    at Layer.handle [as handle_request] (E:\Jie\blog\node_modules\express\lib\router\layer.js:95:5)
    at trim_prefix (E:\Jie\blog\node_modules\express\lib\router\index.js:317:13)
    at E:\Jie\blog\node_modules\express\lib\router\index.js:284:7
    at Function.process_params (E:\Jie\blog\node_modules\express\lib\router\index.js:335:12)
    at next (E:\Jie\blog\node_modules\express\lib\router\index.js:275:10)
    at serveStatic (E:\Jie\blog\node_modules\serve-static\index.js:75:16)
    at Layer.handle [as handle_request] (E:\Jie\blog\node_modules\express\lib\router\layer.js:95:5)
    at trim_prefix (E:\Jie\blog\node_modules\express\lib\router\index.js:317:13)
    at E:\Jie\blog\node_modules\express\lib\router\index.js:284:7
    at Function.process_params (E:\Jie\blog\node_modules\express\lib\router\index.js:335:12)
    at next (E:\Jie\blog\node_modules\express\lib\router\index.js:275:10)
    at E:\Jie\blog\node_modules\connect-history-api-fallback\lib\index.js:18:14
    at Layer.handle [as handle_request] (E:\Jie\blog\node_modules\express\lib\router\layer.js:95:5)
    at trim_prefix (E:\Jie\blog\node_modules\express\lib\router\index.js:317:13)
    at E:\Jie\blog\node_modules\express\lib\router\index.js:284:7
[2020-03-17T11:05:22.499][ERROR  9616  app] Something went wrong: Error: Not Found
    at E:\Jie\blog\server\index.js:100:15
    at Layer.handle [as handle_request] (E:\Jie\blog\node_modules\express\lib\router\layer.js:95:5)
    at trim_prefix (E:\Jie\blog\node_modules\express\lib\router\index.js:317:13)
    at E:\Jie\blog\node_modules\express\lib\router\index.js:284:7
    at Function.process_params (E:\Jie\blog\node_modules\express\lib\router\index.js:335:12)
    at next (E:\Jie\blog\node_modules\express\lib\router\index.js:275:10)
    at serveStatic (E:\Jie\blog\node_modules\serve-static\index.js:75:16)
    at Layer.handle [as handle_request] (E:\Jie\blog\node_modules\express\lib\router\layer.js:95:5)
    at trim_prefix (E:\Jie\blog\node_modules\express\lib\router\index.js:317:13)
    at E:\Jie\blog\node_modules\express\lib\router\index.js:284:7
    at Function.process_params (E:\Jie\blog\node_modules\express\lib\router\index.js:335:12)
    at next (E:\Jie\blog\node_modules\express\lib\router\index.js:275:10)
    at E:\Jie\blog\node_modules\connect-history-api-fallback\lib\index.js:18:14
    at Layer.handle [as handle_request] (E:\Jie\blog\node_modules\express\lib\router\layer.js:95:5)
    at trim_prefix (E:\Jie\blog\node_modules\express\lib\router\index.js:317:13)
    at E:\Jie\blog\node_modules\express\lib\router\index.js:284:7
[2020-03-17T11:07:45.385][ERROR  9616  app] Something went wrong: Error: Not Found
    at E:\Jie\blog\server\index.js:100:15
    at Layer.handle [as handle_request] (E:\Jie\blog\node_modules\express\lib\router\layer.js:95:5)
    at trim_prefix (E:\Jie\blog\node_modules\express\lib\router\index.js:317:13)
    at E:\Jie\blog\node_modules\express\lib\router\index.js:284:7
    at Function.process_params (E:\Jie\blog\node_modules\express\lib\router\index.js:335:12)
    at next (E:\Jie\blog\node_modules\express\lib\router\index.js:275:10)
    at serveStatic (E:\Jie\blog\node_modules\serve-static\index.js:75:16)
    at Layer.handle [as handle_request] (E:\Jie\blog\node_modules\express\lib\router\layer.js:95:5)
    at trim_prefix (E:\Jie\blog\node_modules\express\lib\router\index.js:317:13)
    at E:\Jie\blog\node_modules\express\lib\router\index.js:284:7
    at Function.process_params (E:\Jie\blog\node_modules\express\lib\router\index.js:335:12)
    at next (E:\Jie\blog\node_modules\express\lib\router\index.js:275:10)
    at E:\Jie\blog\node_modules\connect-history-api-fallback\lib\index.js:18:14
    at Layer.handle [as handle_request] (E:\Jie\blog\node_modules\express\lib\router\layer.js:95:5)
    at trim_prefix (E:\Jie\blog\node_modules\express\lib\router\index.js:317:13)
    at E:\Jie\blog\node_modules\express\lib\router\index.js:284:7
[2020-03-17T11:08:16.628][ERROR  9616  app] Something went wrong: Error: Not Found
    at E:\Jie\blog\server\index.js:100:15
    at Layer.handle [as handle_request] (E:\Jie\blog\node_modules\express\lib\router\layer.js:95:5)
    at trim_prefix (E:\Jie\blog\node_modules\express\lib\router\index.js:317:13)
    at E:\Jie\blog\node_modules\express\lib\router\index.js:284:7
    at Function.process_params (E:\Jie\blog\node_modules\express\lib\router\index.js:335:12)
    at next (E:\Jie\blog\node_modules\express\lib\router\index.js:275:10)
    at serveStatic (E:\Jie\blog\node_modules\serve-static\index.js:75:16)
    at Layer.handle [as handle_request] (E:\Jie\blog\node_modules\express\lib\router\layer.js:95:5)
    at trim_prefix (E:\Jie\blog\node_modules\express\lib\router\index.js:317:13)
    at E:\Jie\blog\node_modules\express\lib\router\index.js:284:7
    at Function.process_params (E:\Jie\blog\node_modules\express\lib\router\index.js:335:12)
    at next (E:\Jie\blog\node_modules\express\lib\router\index.js:275:10)
    at E:\Jie\blog\node_modules\connect-history-api-fallback\lib\index.js:18:14
    at Layer.handle [as handle_request] (E:\Jie\blog\node_modules\express\lib\router\layer.js:95:5)
    at trim_prefix (E:\Jie\blog\node_modules\express\lib\router\index.js:317:13)
    at E:\Jie\blog\node_modules\express\lib\router\index.js:284:7
[2020-03-17T11:12:17.800][ERROR  9616  app] Something went wrong: Error: Not Found
    at E:\Jie\blog\server\index.js:100:15
    at Layer.handle [as handle_request] (E:\Jie\blog\node_modules\express\lib\router\layer.js:95:5)
    at trim_prefix (E:\Jie\blog\node_modules\express\lib\router\index.js:317:13)
    at E:\Jie\blog\node_modules\express\lib\router\index.js:284:7
    at Function.process_params (E:\Jie\blog\node_modules\express\lib\router\index.js:335:12)
    at next (E:\Jie\blog\node_modules\express\lib\router\index.js:275:10)
    at serveStatic (E:\Jie\blog\node_modules\serve-static\index.js:75:16)
    at Layer.handle [as handle_request] (E:\Jie\blog\node_modules\express\lib\router\layer.js:95:5)
    at trim_prefix (E:\Jie\blog\node_modules\express\lib\router\index.js:317:13)
    at E:\Jie\blog\node_modules\express\lib\router\index.js:284:7
    at Function.process_params (E:\Jie\blog\node_modules\express\lib\router\index.js:335:12)
    at next (E:\Jie\blog\node_modules\express\lib\router\index.js:275:10)
    at E:\Jie\blog\node_modules\connect-history-api-fallback\lib\index.js:18:14
    at Layer.handle [as handle_request] (E:\Jie\blog\node_modules\express\lib\router\layer.js:95:5)
    at trim_prefix (E:\Jie\blog\node_modules\express\lib\router\index.js:317:13)
    at E:\Jie\blog\node_modules\express\lib\router\index.js:284:7
[2020-03-17T11:12:28.976][ERROR  9616  app] Something went wrong: Error: Not Found
    at E:\Jie\blog\server\index.js:100:15
    at Layer.handle [as handle_request] (E:\Jie\blog\node_modules\express\lib\router\layer.js:95:5)
    at trim_prefix (E:\Jie\blog\node_modules\express\lib\router\index.js:317:13)
    at E:\Jie\blog\node_modules\express\lib\router\index.js:284:7
    at Function.process_params (E:\Jie\blog\node_modules\express\lib\router\index.js:335:12)
    at next (E:\Jie\blog\node_modules\express\lib\router\index.js:275:10)
    at serveStatic (E:\Jie\blog\node_modules\serve-static\index.js:75:16)
    at Layer.handle [as handle_request] (E:\Jie\blog\node_modules\express\lib\router\layer.js:95:5)
    at trim_prefix (E:\Jie\blog\node_modules\express\lib\router\index.js:317:13)
    at E:\Jie\blog\node_modules\express\lib\router\index.js:284:7
    at Function.process_params (E:\Jie\blog\node_modules\express\lib\router\index.js:335:12)
    at next (E:\Jie\blog\node_modules\express\lib\router\index.js:275:10)
    at E:\Jie\blog\node_modules\connect-history-api-fallback\lib\index.js:18:14
    at Layer.handle [as handle_request] (E:\Jie\blog\node_modules\express\lib\router\layer.js:95:5)
    at trim_prefix (E:\Jie\blog\node_modules\express\lib\router\index.js:317:13)
    at E:\Jie\blog\node_modules\express\lib\router\index.js:284:7
[2020-03-17T11:13:06.058][ERROR  9616  app] Something went wrong: Error: Not Found
    at E:\Jie\blog\server\index.js:100:15
    at Layer.handle [as handle_request] (E:\Jie\blog\node_modules\express\lib\router\layer.js:95:5)
    at trim_prefix (E:\Jie\blog\node_modules\express\lib\router\index.js:317:13)
    at E:\Jie\blog\node_modules\express\lib\router\index.js:284:7
    at Function.process_params (E:\Jie\blog\node_modules\express\lib\router\index.js:335:12)
    at next (E:\Jie\blog\node_modules\express\lib\router\index.js:275:10)
    at serveStatic (E:\Jie\blog\node_modules\serve-static\index.js:75:16)
    at Layer.handle [as handle_request] (E:\Jie\blog\node_modules\express\lib\router\layer.js:95:5)
    at trim_prefix (E:\Jie\blog\node_modules\express\lib\router\index.js:317:13)
    at E:\Jie\blog\node_modules\express\lib\router\index.js:284:7
    at Function.process_params (E:\Jie\blog\node_modules\express\lib\router\index.js:335:12)
    at next (E:\Jie\blog\node_modules\express\lib\router\index.js:275:10)
    at E:\Jie\blog\node_modules\connect-history-api-fallback\lib\index.js:18:14
    at Layer.handle [as handle_request] (E:\Jie\blog\node_modules\express\lib\router\layer.js:95:5)
    at trim_prefix (E:\Jie\blog\node_modules\express\lib\router\index.js:317:13)
    at E:\Jie\blog\node_modules\express\lib\router\index.js:284:7
[2020-03-17T11:14:49.709][ERROR  9616  app] Something went wrong: Error: Not Found
    at E:\Jie\blog\server\index.js:100:15
    at Layer.handle [as handle_request] (E:\Jie\blog\node_modules\express\lib\router\layer.js:95:5)
    at trim_prefix (E:\Jie\blog\node_modules\express\lib\router\index.js:317:13)
    at E:\Jie\blog\node_modules\express\lib\router\index.js:284:7
    at Function.process_params (E:\Jie\blog\node_modules\express\lib\router\index.js:335:12)
    at next (E:\Jie\blog\node_modules\express\lib\router\index.js:275:10)
    at serveStatic (E:\Jie\blog\node_modules\serve-static\index.js:75:16)
    at Layer.handle [as handle_request] (E:\Jie\blog\node_modules\express\lib\router\layer.js:95:5)
    at trim_prefix (E:\Jie\blog\node_modules\express\lib\router\index.js:317:13)
    at E:\Jie\blog\node_modules\express\lib\router\index.js:284:7
    at Function.process_params (E:\Jie\blog\node_modules\express\lib\router\index.js:335:12)
    at next (E:\Jie\blog\node_modules\express\lib\router\index.js:275:10)
    at E:\Jie\blog\node_modules\connect-history-api-fallback\lib\index.js:18:14
    at Layer.handle [as handle_request] (E:\Jie\blog\node_modules\express\lib\router\layer.js:95:5)
    at trim_prefix (E:\Jie\blog\node_modules\express\lib\router\index.js:317:13)
    at E:\Jie\blog\node_modules\express\lib\router\index.js:284:7
[2020-03-17T11:15:58.219][ERROR  9616  app] Something went wrong: Error: Not Found
    at E:\Jie\blog\server\index.js:100:15
    at Layer.handle [as handle_request] (E:\Jie\blog\node_modules\express\lib\router\layer.js:95:5)
    at trim_prefix (E:\Jie\blog\node_modules\express\lib\router\index.js:317:13)
    at E:\Jie\blog\node_modules\express\lib\router\index.js:284:7
    at Function.process_params (E:\Jie\blog\node_modules\express\lib\router\index.js:335:12)
    at next (E:\Jie\blog\node_modules\express\lib\router\index.js:275:10)
    at serveStatic (E:\Jie\blog\node_modules\serve-static\index.js:75:16)
    at Layer.handle [as handle_request] (E:\Jie\blog\node_modules\express\lib\router\layer.js:95:5)
    at trim_prefix (E:\Jie\blog\node_modules\express\lib\router\index.js:317:13)
    at E:\Jie\blog\node_modules\express\lib\router\index.js:284:7
    at Function.process_params (E:\Jie\blog\node_modules\express\lib\router\index.js:335:12)
    at next (E:\Jie\blog\node_modules\express\lib\router\index.js:275:10)
    at E:\Jie\blog\node_modules\connect-history-api-fallback\lib\index.js:18:14
    at Layer.handle [as handle_request] (E:\Jie\blog\node_modules\express\lib\router\layer.js:95:5)
    at trim_prefix (E:\Jie\blog\node_modules\express\lib\router\index.js:317:13)
    at E:\Jie\blog\node_modules\express\lib\router\index.js:284:7
[2020-03-17T11:29:10.011][ERROR  9616  app] Something went wrong: Error: Not Found
    at E:\Jie\blog\server\index.js:100:15
    at Layer.handle [as handle_request] (E:\Jie\blog\node_modules\express\lib\router\layer.js:95:5)
    at trim_prefix (E:\Jie\blog\node_modules\express\lib\router\index.js:317:13)
    at E:\Jie\blog\node_modules\express\lib\router\index.js:284:7
    at Function.process_params (E:\Jie\blog\node_modules\express\lib\router\index.js:335:12)
    at next (E:\Jie\blog\node_modules\express\lib\router\index.js:275:10)
    at serveStatic (E:\Jie\blog\node_modules\serve-static\index.js:75:16)
    at Layer.handle [as handle_request] (E:\Jie\blog\node_modules\express\lib\router\layer.js:95:5)
    at trim_prefix (E:\Jie\blog\node_modules\express\lib\router\index.js:317:13)
    at E:\Jie\blog\node_modules\express\lib\router\index.js:284:7
    at Function.process_params (E:\Jie\blog\node_modules\express\lib\router\index.js:335:12)
    at next (E:\Jie\blog\node_modules\express\lib\router\index.js:275:10)
    at E:\Jie\blog\node_modules\connect-history-api-fallback\lib\index.js:18:14
    at Layer.handle [as handle_request] (E:\Jie\blog\node_modules\express\lib\router\layer.js:95:5)
    at trim_prefix (E:\Jie\blog\node_modules\express\lib\router\index.js:317:13)
    at E:\Jie\blog\node_modules\express\lib\router\index.js:284:7
[2020-03-17T11:30:07.331][ERROR  9616  app] Something went wrong: Error: Not Found
    at E:\Jie\blog\server\index.js:100:15
    at Layer.handle [as handle_request] (E:\Jie\blog\node_modules\express\lib\router\layer.js:95:5)
    at trim_prefix (E:\Jie\blog\node_modules\express\lib\router\index.js:317:13)
    at E:\Jie\blog\node_modules\express\lib\router\index.js:284:7
    at Function.process_params (E:\Jie\blog\node_modules\express\lib\router\index.js:335:12)
    at next (E:\Jie\blog\node_modules\express\lib\router\index.js:275:10)
    at serveStatic (E:\Jie\blog\node_modules\serve-static\index.js:75:16)
    at Layer.handle [as handle_request] (E:\Jie\blog\node_modules\express\lib\router\layer.js:95:5)
    at trim_prefix (E:\Jie\blog\node_modules\express\lib\router\index.js:317:13)
    at E:\Jie\blog\node_modules\express\lib\router\index.js:284:7
    at Function.process_params (E:\Jie\blog\node_modules\express\lib\router\index.js:335:12)
    at next (E:\Jie\blog\node_modules\express\lib\router\index.js:275:10)
    at E:\Jie\blog\node_modules\connect-history-api-fallback\lib\index.js:18:14
    at Layer.handle [as handle_request] (E:\Jie\blog\node_modules\express\lib\router\layer.js:95:5)
    at trim_prefix (E:\Jie\blog\node_modules\express\lib\router\index.js:317:13)
    at E:\Jie\blog\node_modules\express\lib\router\index.js:284:7
[2020-03-17T11:31:00.163][ERROR  9616  app] Something went wrong: Error: Not Found
    at E:\Jie\blog\server\index.js:100:15
    at Layer.handle [as handle_request] (E:\Jie\blog\node_modules\express\lib\router\layer.js:95:5)
    at trim_prefix (E:\Jie\blog\node_modules\express\lib\router\index.js:317:13)
    at E:\Jie\blog\node_modules\express\lib\router\index.js:284:7
    at Function.process_params (E:\Jie\blog\node_modules\express\lib\router\index.js:335:12)
    at next (E:\Jie\blog\node_modules\express\lib\router\index.js:275:10)
    at serveStatic (E:\Jie\blog\node_modules\serve-static\index.js:75:16)
    at Layer.handle [as handle_request] (E:\Jie\blog\node_modules\express\lib\router\layer.js:95:5)
    at trim_prefix (E:\Jie\blog\node_modules\express\lib\router\index.js:317:13)
    at E:\Jie\blog\node_modules\express\lib\router\index.js:284:7
    at Function.process_params (E:\Jie\blog\node_modules\express\lib\router\index.js:335:12)
    at next (E:\Jie\blog\node_modules\express\lib\router\index.js:275:10)
    at E:\Jie\blog\node_modules\connect-history-api-fallback\lib\index.js:18:14
    at Layer.handle [as handle_request] (E:\Jie\blog\node_modules\express\lib\router\layer.js:95:5)
    at trim_prefix (E:\Jie\blog\node_modules\express\lib\router\index.js:317:13)
    at E:\Jie\blog\node_modules\express\lib\router\index.js:284:7
[2020-03-17T11:31:04.890][ERROR  9616  app] Something went wrong: Error: Not Found
    at E:\Jie\blog\server\index.js:100:15
    at Layer.handle [as handle_request] (E:\Jie\blog\node_modules\express\lib\router\layer.js:95:5)
    at trim_prefix (E:\Jie\blog\node_modules\express\lib\router\index.js:317:13)
    at E:\Jie\blog\node_modules\express\lib\router\index.js:284:7
    at Function.process_params (E:\Jie\blog\node_modules\express\lib\router\index.js:335:12)
    at next (E:\Jie\blog\node_modules\express\lib\router\index.js:275:10)
    at serveStatic (E:\Jie\blog\node_modules\serve-static\index.js:75:16)
    at Layer.handle [as handle_request] (E:\Jie\blog\node_modules\express\lib\router\layer.js:95:5)
    at trim_prefix (E:\Jie\blog\node_modules\express\lib\router\index.js:317:13)
    at E:\Jie\blog\node_modules\express\lib\router\index.js:284:7
    at Function.process_params (E:\Jie\blog\node_modules\express\lib\router\index.js:335:12)
    at next (E:\Jie\blog\node_modules\express\lib\router\index.js:275:10)
    at E:\Jie\blog\node_modules\connect-history-api-fallback\lib\index.js:18:14
    at Layer.handle [as handle_request] (E:\Jie\blog\node_modules\express\lib\router\layer.js:95:5)
    at trim_prefix (E:\Jie\blog\node_modules\express\lib\router\index.js:317:13)
    at E:\Jie\blog\node_modules\express\lib\router\index.js:284:7
[2020-03-17T11:32:29.604][ERROR  9616  app] Something went wrong: Error: Not Found
    at E:\Jie\blog\server\index.js:100:15
    at Layer.handle [as handle_request] (E:\Jie\blog\node_modules\express\lib\router\layer.js:95:5)
    at trim_prefix (E:\Jie\blog\node_modules\express\lib\router\index.js:317:13)
    at E:\Jie\blog\node_modules\express\lib\router\index.js:284:7
    at Function.process_params (E:\Jie\blog\node_modules\express\lib\router\index.js:335:12)
    at next (E:\Jie\blog\node_modules\express\lib\router\index.js:275:10)
    at serveStatic (E:\Jie\blog\node_modules\serve-static\index.js:75:16)
    at Layer.handle [as handle_request] (E:\Jie\blog\node_modules\express\lib\router\layer.js:95:5)
    at trim_prefix (E:\Jie\blog\node_modules\express\lib\router\index.js:317:13)
    at E:\Jie\blog\node_modules\express\lib\router\index.js:284:7
    at Function.process_params (E:\Jie\blog\node_modules\express\lib\router\index.js:335:12)
    at next (E:\Jie\blog\node_modules\express\lib\router\index.js:275:10)
    at E:\Jie\blog\node_modules\connect-history-api-fallback\lib\index.js:18:14
    at Layer.handle [as handle_request] (E:\Jie\blog\node_modules\express\lib\router\layer.js:95:5)
    at trim_prefix (E:\Jie\blog\node_modules\express\lib\router\index.js:317:13)
    at E:\Jie\blog\node_modules\express\lib\router\index.js:284:7
[2020-03-17T15:34:13.225][ERROR  10776  app] Something went wrong: Error: Not Found
    at E:\Jie\blog\server\index.js:100:15
    at Layer.handle [as handle_request] (E:\Jie\blog\node_modules\express\lib\router\layer.js:95:5)
    at trim_prefix (E:\Jie\blog\node_modules\express\lib\router\index.js:317:13)
    at E:\Jie\blog\node_modules\express\lib\router\index.js:284:7
    at Function.process_params (E:\Jie\blog\node_modules\express\lib\router\index.js:335:12)
    at next (E:\Jie\blog\node_modules\express\lib\router\index.js:275:10)
    at serveStatic (E:\Jie\blog\node_modules\serve-static\index.js:75:16)
    at Layer.handle [as handle_request] (E:\Jie\blog\node_modules\express\lib\router\layer.js:95:5)
    at trim_prefix (E:\Jie\blog\node_modules\express\lib\router\index.js:317:13)
    at E:\Jie\blog\node_modules\express\lib\router\index.js:284:7
    at Function.process_params (E:\Jie\blog\node_modules\express\lib\router\index.js:335:12)
    at next (E:\Jie\blog\node_modules\express\lib\router\index.js:275:10)
    at E:\Jie\blog\node_modules\connect-history-api-fallback\lib\index.js:18:14
    at Layer.handle [as handle_request] (E:\Jie\blog\node_modules\express\lib\router\layer.js:95:5)
    at trim_prefix (E:\Jie\blog\node_modules\express\lib\router\index.js:317:13)
    at E:\Jie\blog\node_modules\express\lib\router\index.js:284:7
[2020-03-17T15:34:21.803][ERROR  10776  app] Something went wrong: Error: Not Found
    at E:\Jie\blog\server\index.js:100:15
    at Layer.handle [as handle_request] (E:\Jie\blog\node_modules\express\lib\router\layer.js:95:5)
    at trim_prefix (E:\Jie\blog\node_modules\express\lib\router\index.js:317:13)
    at E:\Jie\blog\node_modules\express\lib\router\index.js:284:7
    at Function.process_params (E:\Jie\blog\node_modules\express\lib\router\index.js:335:12)
    at next (E:\Jie\blog\node_modules\express\lib\router\index.js:275:10)
    at serveStatic (E:\Jie\blog\node_modules\serve-static\index.js:75:16)
    at Layer.handle [as handle_request] (E:\Jie\blog\node_modules\express\lib\router\layer.js:95:5)
    at trim_prefix (E:\Jie\blog\node_modules\express\lib\router\index.js:317:13)
    at E:\Jie\blog\node_modules\express\lib\router\index.js:284:7
    at Function.process_params (E:\Jie\blog\node_modules\express\lib\router\index.js:335:12)
    at next (E:\Jie\blog\node_modules\express\lib\router\index.js:275:10)
    at E:\Jie\blog\node_modules\connect-history-api-fallback\lib\index.js:18:14
    at Layer.handle [as handle_request] (E:\Jie\blog\node_modules\express\lib\router\layer.js:95:5)
    at trim_prefix (E:\Jie\blog\node_modules\express\lib\router\index.js:317:13)
    at E:\Jie\blog\node_modules\express\lib\router\index.js:284:7
[2020-03-17T15:35:25.119][ERROR  10776  app] Something went wrong: Error: Not Found
    at E:\Jie\blog\server\index.js:100:15
    at Layer.handle [as handle_request] (E:\Jie\blog\node_modules\express\lib\router\layer.js:95:5)
    at trim_prefix (E:\Jie\blog\node_modules\express\lib\router\index.js:317:13)
    at E:\Jie\blog\node_modules\express\lib\router\index.js:284:7
    at Function.process_params (E:\Jie\blog\node_modules\express\lib\router\index.js:335:12)
    at next (E:\Jie\blog\node_modules\express\lib\router\index.js:275:10)
    at serveStatic (E:\Jie\blog\node_modules\serve-static\index.js:75:16)
    at Layer.handle [as handle_request] (E:\Jie\blog\node_modules\express\lib\router\layer.js:95:5)
    at trim_prefix (E:\Jie\blog\node_modules\express\lib\router\index.js:317:13)
    at E:\Jie\blog\node_modules\express\lib\router\index.js:284:7
    at Function.process_params (E:\Jie\blog\node_modules\express\lib\router\index.js:335:12)
    at next (E:\Jie\blog\node_modules\express\lib\router\index.js:275:10)
    at E:\Jie\blog\node_modules\connect-history-api-fallback\lib\index.js:18:14
    at Layer.handle [as handle_request] (E:\Jie\blog\node_modules\express\lib\router\layer.js:95:5)
    at trim_prefix (E:\Jie\blog\node_modules\express\lib\router\index.js:317:13)
    at E:\Jie\blog\node_modules\express\lib\router\index.js:284:7
[2020-03-17T15:35:32.564][ERROR  10776  app] Something went wrong: Error: Not Found
    at E:\Jie\blog\server\index.js:100:15
    at Layer.handle [as handle_request] (E:\Jie\blog\node_modules\express\lib\router\layer.js:95:5)
    at trim_prefix (E:\Jie\blog\node_modules\express\lib\router\index.js:317:13)
    at E:\Jie\blog\node_modules\express\lib\router\index.js:284:7
    at Function.process_params (E:\Jie\blog\node_modules\express\lib\router\index.js:335:12)
    at next (E:\Jie\blog\node_modules\express\lib\router\index.js:275:10)
    at serveStatic (E:\Jie\blog\node_modules\serve-static\index.js:75:16)
    at Layer.handle [as handle_request] (E:\Jie\blog\node_modules\express\lib\router\layer.js:95:5)
    at trim_prefix (E:\Jie\blog\node_modules\express\lib\router\index.js:317:13)
    at E:\Jie\blog\node_modules\express\lib\router\index.js:284:7
    at Function.process_params (E:\Jie\blog\node_modules\express\lib\router\index.js:335:12)
    at next (E:\Jie\blog\node_modules\express\lib\router\index.js:275:10)
    at E:\Jie\blog\node_modules\connect-history-api-fallback\lib\index.js:18:14
    at Layer.handle [as handle_request] (E:\Jie\blog\node_modules\express\lib\router\layer.js:95:5)
    at trim_prefix (E:\Jie\blog\node_modules\express\lib\router\index.js:317:13)
    at E:\Jie\blog\node_modules\express\lib\router\index.js:284:7
[2020-03-17T15:42:29.460][ERROR  10776  app] Something went wrong: Error: Not Found
    at E:\Jie\blog\server\index.js:100:15
    at Layer.handle [as handle_request] (E:\Jie\blog\node_modules\express\lib\router\layer.js:95:5)
    at trim_prefix (E:\Jie\blog\node_modules\express\lib\router\index.js:317:13)
    at E:\Jie\blog\node_modules\express\lib\router\index.js:284:7
    at Function.process_params (E:\Jie\blog\node_modules\express\lib\router\index.js:335:12)
    at next (E:\Jie\blog\node_modules\express\lib\router\index.js:275:10)
    at serveStatic (E:\Jie\blog\node_modules\serve-static\index.js:75:16)
    at Layer.handle [as handle_request] (E:\Jie\blog\node_modules\express\lib\router\layer.js:95:5)
    at trim_prefix (E:\Jie\blog\node_modules\express\lib\router\index.js:317:13)
    at E:\Jie\blog\node_modules\express\lib\router\index.js:284:7
    at Function.process_params (E:\Jie\blog\node_modules\express\lib\router\index.js:335:12)
    at next (E:\Jie\blog\node_modules\express\lib\router\index.js:275:10)
    at E:\Jie\blog\node_modules\connect-history-api-fallback\lib\index.js:18:14
    at Layer.handle [as handle_request] (E:\Jie\blog\node_modules\express\lib\router\layer.js:95:5)
    at trim_prefix (E:\Jie\blog\node_modules\express\lib\router\index.js:317:13)
    at E:\Jie\blog\node_modules\express\lib\router\index.js:284:7
[2020-03-17T15:42:55.374][ERROR  10776  app] Something went wrong: Error: Not Found
    at E:\Jie\blog\server\index.js:100:15
    at Layer.handle [as handle_request] (E:\Jie\blog\node_modules\express\lib\router\layer.js:95:5)
    at trim_prefix (E:\Jie\blog\node_modules\express\lib\router\index.js:317:13)
    at E:\Jie\blog\node_modules\express\lib\router\index.js:284:7
    at Function.process_params (E:\Jie\blog\node_modules\express\lib\router\index.js:335:12)
    at next (E:\Jie\blog\node_modules\express\lib\router\index.js:275:10)
    at serveStatic (E:\Jie\blog\node_modules\serve-static\index.js:75:16)
    at Layer.handle [as handle_request] (E:\Jie\blog\node_modules\express\lib\router\layer.js:95:5)
    at trim_prefix (E:\Jie\blog\node_modules\express\lib\router\index.js:317:13)
    at E:\Jie\blog\node_modules\express\lib\router\index.js:284:7
    at Function.process_params (E:\Jie\blog\node_modules\express\lib\router\index.js:335:12)
    at next (E:\Jie\blog\node_modules\express\lib\router\index.js:275:10)
    at E:\Jie\blog\node_modules\connect-history-api-fallback\lib\index.js:18:14
    at Layer.handle [as handle_request] (E:\Jie\blog\node_modules\express\lib\router\layer.js:95:5)
    at trim_prefix (E:\Jie\blog\node_modules\express\lib\router\index.js:317:13)
    at E:\Jie\blog\node_modules\express\lib\router\index.js:284:7
[2020-03-17T15:45:19.089][ERROR  10776  app] Something went wrong: Error: Not Found
    at E:\Jie\blog\server\index.js:100:15
    at Layer.handle [as handle_request] (E:\Jie\blog\node_modules\express\lib\router\layer.js:95:5)
    at trim_prefix (E:\Jie\blog\node_modules\express\lib\router\index.js:317:13)
    at E:\Jie\blog\node_modules\express\lib\router\index.js:284:7
    at Function.process_params (E:\Jie\blog\node_modules\express\lib\router\index.js:335:12)
    at next (E:\Jie\blog\node_modules\express\lib\router\index.js:275:10)
    at serveStatic (E:\Jie\blog\node_modules\serve-static\index.js:75:16)
    at Layer.handle [as handle_request] (E:\Jie\blog\node_modules\express\lib\router\layer.js:95:5)
    at trim_prefix (E:\Jie\blog\node_modules\express\lib\router\index.js:317:13)
    at E:\Jie\blog\node_modules\express\lib\router\index.js:284:7
    at Function.process_params (E:\Jie\blog\node_modules\express\lib\router\index.js:335:12)
    at next (E:\Jie\blog\node_modules\express\lib\router\index.js:275:10)
    at E:\Jie\blog\node_modules\connect-history-api-fallback\lib\index.js:18:14
    at Layer.handle [as handle_request] (E:\Jie\blog\node_modules\express\lib\router\layer.js:95:5)
    at trim_prefix (E:\Jie\blog\node_modules\express\lib\router\index.js:317:13)
    at E:\Jie\blog\node_modules\express\lib\router\index.js:284:7
