[2019-07-11T16:17:52.750][ERROR  10644  app] Something went wrong: Error: Not Found
    at E:\Jie\blog\server\index.js:100:15
    at Layer.handle [as handle_request] (E:\Jie\blog\node_modules\_express@4.17.0@express\lib\router\layer.js:95:5)
    at trim_prefix (E:\Jie\blog\node_modules\_express@4.17.0@express\lib\router\index.js:317:13)
    at E:\Jie\blog\node_modules\_express@4.17.0@express\lib\router\index.js:284:7
    at Function.process_params (E:\Jie\blog\node_modules\_express@4.17.0@express\lib\router\index.js:335:12)
    at next (E:\Jie\blog\node_modules\_express@4.17.0@express\lib\router\index.js:275:10)
    at serveStatic (E:\Jie\blog\node_modules\_serve-static@1.14.1@serve-static\index.js:75:16)
    at Layer.handle [as handle_request] (E:\Jie\blog\node_modules\_express@4.17.0@express\lib\router\layer.js:95:5)
    at trim_prefix (E:\Jie\blog\node_modules\_express@4.17.0@express\lib\router\index.js:317:13)
    at E:\Jie\blog\node_modules\_express@4.17.0@express\lib\router\index.js:284:7
    at Function.process_params (E:\Jie\blog\node_modules\_express@4.17.0@express\lib\router\index.js:335:12)
    at next (E:\Jie\blog\node_modules\_express@4.17.0@express\lib\router\index.js:275:10)
    at E:\Jie\blog\node_modules\_connect-history-api-fallback@1.6.0@connect-history-api-fallback\lib\index.js:18:14
    at Layer.handle [as handle_request] (E:\Jie\blog\node_modules\_express@4.17.0@express\lib\router\layer.js:95:5)
    at trim_prefix (E:\Jie\blog\node_modules\_express@4.17.0@express\lib\router\index.js:317:13)
    at E:\Jie\blog\node_modules\_express@4.17.0@express\lib\router\index.js:284:7
[2019-07-11T16:18:48.723][ERROR  10644  app] Something went wrong: Error: Not Found
    at E:\Jie\blog\server\index.js:100:15
    at Layer.handle [as handle_request] (E:\Jie\blog\node_modules\_express@4.17.0@express\lib\router\layer.js:95:5)
    at trim_prefix (E:\Jie\blog\node_modules\_express@4.17.0@express\lib\router\index.js:317:13)
    at E:\Jie\blog\node_modules\_express@4.17.0@express\lib\router\index.js:284:7
    at Function.process_params (E:\Jie\blog\node_modules\_express@4.17.0@express\lib\router\index.js:335:12)
    at next (E:\Jie\blog\node_modules\_express@4.17.0@express\lib\router\index.js:275:10)
    at serveStatic (E:\Jie\blog\node_modules\_serve-static@1.14.1@serve-static\index.js:75:16)
    at Layer.handle [as handle_request] (E:\Jie\blog\node_modules\_express@4.17.0@express\lib\router\layer.js:95:5)
    at trim_prefix (E:\Jie\blog\node_modules\_express@4.17.0@express\lib\router\index.js:317:13)
    at E:\Jie\blog\node_modules\_express@4.17.0@express\lib\router\index.js:284:7
    at Function.process_params (E:\Jie\blog\node_modules\_express@4.17.0@express\lib\router\index.js:335:12)
    at next (E:\Jie\blog\node_modules\_express@4.17.0@express\lib\router\index.js:275:10)
    at E:\Jie\blog\node_modules\_connect-history-api-fallback@1.6.0@connect-history-api-fallback\lib\index.js:18:14
    at Layer.handle [as handle_request] (E:\Jie\blog\node_modules\_express@4.17.0@express\lib\router\layer.js:95:5)
    at trim_prefix (E:\Jie\blog\node_modules\_express@4.17.0@express\lib\router\index.js:317:13)
    at E:\Jie\blog\node_modules\_express@4.17.0@express\lib\router\index.js:284:7
[2019-07-11T18:16:15.975][ERROR  8740  app] Something went wrong: ReferenceError: comm is not defined
    at exports.user_list (E:\Jie\blog\server\controllers\user.js:58:2)
    at Layer.handle [as handle_request] (E:\Jie\blog\node_modules\_express@4.17.0@express\lib\router\layer.js:95:5)
    at next (E:\Jie\blog\node_modules\_express@4.17.0@express\lib\router\route.js:137:13)
    at Route.dispatch (E:\Jie\blog\node_modules\_express@4.17.0@express\lib\router\route.js:112:3)
    at Layer.handle [as handle_request] (E:\Jie\blog\node_modules\_express@4.17.0@express\lib\router\layer.js:95:5)
    at E:\Jie\blog\node_modules\_express@4.17.0@express\lib\router\index.js:281:22
    at Function.process_params (E:\Jie\blog\node_modules\_express@4.17.0@express\lib\router\index.js:335:12)
    at next (E:\Jie\blog\node_modules\_express@4.17.0@express\lib\router\index.js:275:10)
    at Function.handle (E:\Jie\blog\node_modules\_express@4.17.0@express\lib\router\index.js:174:3)
    at router (E:\Jie\blog\node_modules\_express@4.17.0@express\lib\router\index.js:47:12)
    at Layer.handle [as handle_request] (E:\Jie\blog\node_modules\_express@4.17.0@express\lib\router\layer.js:95:5)
    at trim_prefix (E:\Jie\blog\node_modules\_express@4.17.0@express\lib\router\index.js:317:13)
    at E:\Jie\blog\node_modules\_express@4.17.0@express\lib\router\index.js:284:7
    at Function.process_params (E:\Jie\blog\node_modules\_express@4.17.0@express\lib\router\index.js:335:12)
    at next (E:\Jie\blog\node_modules\_express@4.17.0@express\lib\router\index.js:275:10)
    at next (E:\Jie\blog\node_modules\_express@4.17.0@express\lib\router\route.js:127:14)
